{"/home/travis/build/npmtest/node-npmtest-react-codemod/test.js":{"path":"/home/travis/build/npmtest/node-npmtest-react-codemod/test.js","s":{"1":2,"2":2,"3":2,"4":2,"5":2,"6":2,"7":2,"8":1,"9":2,"10":2,"11":1,"12":1,"13":1,"14":1,"15":2,"16":2,"17":2,"18":2,"19":1,"20":1,"21":2,"22":2,"23":2,"24":1,"25":1,"26":1,"27":1,"28":1,"29":1,"30":1,"31":1,"32":1,"33":1,"34":1,"35":1,"36":1,"37":1,"38":1,"39":2,"40":2,"41":1,"42":2,"43":2,"44":1,"45":2,"46":2,"47":1,"48":2,"49":2,"50":1,"51":1,"52":1,"53":1,"54":1},"b":{"1":[2,1,1,1],"2":[1,1,1,1],"3":[1,1],"4":[1,1],"5":[1,1],"6":[1,1],"7":[1,1],"8":[1,1],"9":[1,1],"10":[1,1,1],"11":[1,1],"12":[1,1],"13":[1,1],"14":[1,1],"15":[1,1],"16":[1,1],"17":[1,1]},"f":{"1":2,"2":2,"3":2,"4":2,"5":2,"6":1,"7":1,"8":1,"9":2,"10":2,"11":2,"12":2,"13":1},"fnMap":{"1":{"name":"(anonymous_1)","line":12,"loc":{"start":{"line":12,"column":1},"end":{"line":12,"column":13}}},"2":{"name":"(anonymous_2)","line":19,"loc":{"start":{"line":19,"column":5},"end":{"line":19,"column":17}}},"3":{"name":"(anonymous_3)","line":23,"loc":{"start":{"line":23,"column":24},"end":{"line":23,"column":36}}},"4":{"name":"(anonymous_4)","line":61,"loc":{"start":{"line":61,"column":5},"end":{"line":61,"column":17}}},"5":{"name":"(anonymous_5)","line":82,"loc":{"start":{"line":82,"column":5},"end":{"line":82,"column":17}}},"6":{"name":"(anonymous_6)","line":91,"loc":{"start":{"line":91,"column":77},"end":{"line":94,"column":10}}},"7":{"name":"(anonymous_7)","line":112,"loc":{"start":{"line":112,"column":83},"end":{"line":115,"column":10}},"skip":true},"8":{"name":"(anonymous_8)","line":123,"loc":{"start":{"line":123,"column":77},"end":{"line":126,"column":10}},"skip":true},"9":{"name":"(anonymous_9)","line":139,"loc":{"start":{"line":139,"column":12},"end":{"line":139,"column":40}},"skip":true},"10":{"name":"(anonymous_10)","line":147,"loc":{"start":{"line":147,"column":77},"end":{"line":150,"column":10}},"skip":true},"11":{"name":"(anonymous_11)","line":158,"loc":{"start":{"line":158,"column":83},"end":{"line":161,"column":10}},"skip":true},"12":{"name":"(anonymous_12)","line":169,"loc":{"start":{"line":169,"column":79},"end":{"line":172,"column":10}},"skip":true},"13":{"name":"(anonymous_13)","line":180,"loc":{"start":{"line":180,"column":75},"end":{"line":183,"column":10}},"skip":true}},"statementMap":{"1":{"start":{"line":12,"column":0},"end":{"line":195,"column":5}},"2":{"start":{"line":14,"column":4},"end":{"line":14,"column":14}},"3":{"start":{"line":19,"column":4},"end":{"line":56,"column":9}},"4":{"start":{"line":21,"column":8},"end":{"line":21,"column":19}},"5":{"start":{"line":23,"column":8},"end":{"line":35,"column":13}},"6":{"start":{"line":24,"column":12},"end":{"line":34,"column":13}},"7":{"start":{"line":25,"column":16},"end":{"line":28,"column":30}},"8":{"start":{"line":30,"column":16},"end":{"line":33,"column":27}},"9":{"start":{"line":37,"column":8},"end":{"line":39,"column":21}},"10":{"start":{"line":40,"column":8},"end":{"line":53,"column":9}},"11":{"start":{"line":43,"column":12},"end":{"line":46,"column":14}},"12":{"start":{"line":47,"column":12},"end":{"line":47,"column":18}},"13":{"start":{"line":50,"column":12},"end":{"line":51,"column":33}},"14":{"start":{"line":52,"column":12},"end":{"line":52,"column":18}},"15":{"start":{"line":55,"column":8},"end":{"line":55,"column":35}},"16":{"start":{"line":61,"column":4},"end":{"line":63,"column":9}},"17":{"start":{"line":62,"column":8},"end":{"line":62,"column":15}},"18":{"start":{"line":64,"column":4},"end":{"line":77,"column":5}},"19":{"start":{"line":70,"column":8},"end":{"line":70,"column":14}},"20":{"start":{"line":76,"column":8},"end":{"line":76,"column":14}},"21":{"start":{"line":82,"column":4},"end":{"line":84,"column":9}},"22":{"start":{"line":83,"column":8},"end":{"line":83,"column":15}},"23":{"start":{"line":85,"column":4},"end":{"line":194,"column":5}},"24":{"start":{"line":91,"column":8},"end":{"line":99,"column":10}},"25":{"start":{"line":98,"column":12},"end":{"line":98,"column":35}},"26":{"start":{"line":102,"column":8},"end":{"line":104,"column":63}},"27":{"start":{"line":105,"column":8},"end":{"line":105,"column":14}},"28":{"start":{"line":112,"column":8},"end":{"line":121,"column":10},"skip":true},"29":{"start":{"line":119,"column":12},"end":{"line":119,"column":55},"skip":true},"30":{"start":{"line":120,"column":12},"end":{"line":120,"column":48},"skip":true},"31":{"start":{"line":123,"column":8},"end":{"line":136,"column":10},"skip":true},"32":{"start":{"line":130,"column":12},"end":{"line":130,"column":76},"skip":true},"33":{"start":{"line":131,"column":12},"end":{"line":131,"column":73},"skip":true},"34":{"start":{"line":132,"column":12},"end":{"line":132,"column":74},"skip":true},"35":{"start":{"line":133,"column":12},"end":{"line":133,"column":79},"skip":true},"36":{"start":{"line":134,"column":12},"end":{"line":134,"column":25},"skip":true},"37":{"start":{"line":135,"column":12},"end":{"line":135,"column":45},"skip":true},"38":{"start":{"line":138,"column":8},"end":{"line":145,"column":14},"skip":true},"39":{"start":{"line":143,"column":16},"end":{"line":143,"column":29},"skip":true},"40":{"start":{"line":144,"column":16},"end":{"line":144,"column":55},"skip":true},"41":{"start":{"line":147,"column":8},"end":{"line":156,"column":10},"skip":true},"42":{"start":{"line":154,"column":12},"end":{"line":154,"column":25},"skip":true},"43":{"start":{"line":155,"column":12},"end":{"line":155,"column":45},"skip":true},"44":{"start":{"line":158,"column":8},"end":{"line":167,"column":10},"skip":true},"45":{"start":{"line":165,"column":12},"end":{"line":165,"column":25},"skip":true},"46":{"start":{"line":166,"column":12},"end":{"line":166,"column":48},"skip":true},"47":{"start":{"line":169,"column":8},"end":{"line":178,"column":10},"skip":true},"48":{"start":{"line":176,"column":12},"end":{"line":176,"column":25},"skip":true},"49":{"start":{"line":177,"column":12},"end":{"line":177,"column":46},"skip":true},"50":{"start":{"line":180,"column":8},"end":{"line":189,"column":10},"skip":true},"51":{"start":{"line":187,"column":12},"end":{"line":187,"column":94},"skip":true},"52":{"start":{"line":188,"column":12},"end":{"line":188,"column":48},"skip":true},"53":{"start":{"line":192,"column":8},"end":{"line":192,"column":35},"skip":true},"54":{"start":{"line":193,"column":8},"end":{"line":193,"column":14},"skip":true}},"branchMap":{"1":{"line":25,"type":"binary-expr","locations":[{"start":{"line":25,"column":23},"end":{"line":25,"column":62}},{"start":{"line":26,"column":20},"end":{"line":26,"column":70}},{"start":{"line":27,"column":20},"end":{"line":27,"column":71}},{"start":{"line":28,"column":20},"end":{"line":28,"column":29}}]},"2":{"line":30,"type":"binary-expr","locations":[{"start":{"line":30,"column":23},"end":{"line":30,"column":37}},{"start":{"line":31,"column":20},"end":{"line":31,"column":61}},{"start":{"line":32,"column":20},"end":{"line":32,"column":70}},{"start":{"line":33,"column":20},"end":{"line":33,"column":26}}]},"3":{"line":37,"type":"cond-expr","locations":[{"start":{"line":38,"column":14},"end":{"line":38,"column":20}},{"start":{"line":39,"column":14},"end":{"line":39,"column":20}}]},"4":{"line":40,"type":"switch","locations":[{"start":{"line":42,"column":8},"end":{"line":47,"column":18}},{"start":{"line":49,"column":8},"end":{"line":52,"column":18}}]},"5":{"line":44,"type":"binary-expr","locations":[{"start":{"line":44,"column":16},"end":{"line":44,"column":44}},{"start":{"line":44,"column":48},"end":{"line":44,"column":66}}]},"6":{"line":50,"type":"binary-expr","locations":[{"start":{"line":50,"column":21},"end":{"line":50,"column":49}},{"start":{"line":50,"column":53},"end":{"line":50,"column":72}}]},"7":{"line":64,"type":"switch","locations":[{"start":{"line":69,"column":4},"end":{"line":70,"column":14}},{"start":{"line":75,"column":4},"end":{"line":76,"column":14}}]},"8":{"line":85,"type":"switch","locations":[{"start":{"line":90,"column":4},"end":{"line":105,"column":14}},{"start":{"line":111,"column":4},"end":{"line":193,"column":14},"skip":true}]},"9":{"line":91,"type":"binary-expr","locations":[{"start":{"line":91,"column":42},"end":{"line":91,"column":73}},{"start":{"line":91,"column":77},"end":{"line":99,"column":9}}]},"10":{"line":102,"type":"binary-expr","locations":[{"start":{"line":102,"column":18},"end":{"line":102,"column":32}},{"start":{"line":103,"column":12},"end":{"line":103,"column":53}},{"start":{"line":104,"column":12},"end":{"line":104,"column":61}}]},"11":{"line":112,"type":"binary-expr","locations":[{"start":{"line":112,"column":45},"end":{"line":112,"column":79},"skip":true},{"start":{"line":112,"column":83},"end":{"line":121,"column":9},"skip":true}]},"12":{"line":123,"type":"binary-expr","locations":[{"start":{"line":123,"column":42},"end":{"line":123,"column":73},"skip":true},{"start":{"line":123,"column":77},"end":{"line":136,"column":9},"skip":true}]},"13":{"line":138,"type":"binary-expr","locations":[{"start":{"line":138,"column":48},"end":{"line":138,"column":85},"skip":true},{"start":{"line":139,"column":12},"end":{"line":145,"column":13},"skip":true}]},"14":{"line":147,"type":"binary-expr","locations":[{"start":{"line":147,"column":42},"end":{"line":147,"column":73},"skip":true},{"start":{"line":147,"column":77},"end":{"line":156,"column":9},"skip":true}]},"15":{"line":158,"type":"binary-expr","locations":[{"start":{"line":158,"column":45},"end":{"line":158,"column":79},"skip":true},{"start":{"line":158,"column":83},"end":{"line":167,"column":9},"skip":true}]},"16":{"line":169,"type":"binary-expr","locations":[{"start":{"line":169,"column":43},"end":{"line":169,"column":75},"skip":true},{"start":{"line":169,"column":79},"end":{"line":178,"column":9},"skip":true}]},"17":{"line":180,"type":"binary-expr","locations":[{"start":{"line":180,"column":41},"end":{"line":180,"column":71},"skip":true},{"start":{"line":180,"column":75},"end":{"line":189,"column":9},"skip":true}]}},"code":["/* istanbul instrument in package npmtest_react_codemod */","/*jslint","    bitwise: true,","    browser: true,","    maxerr: 8,","    maxlen: 96,","    node: true,","    nomen: true,","    regexp: true,","    stupid: true","*/","(function () {","    'use strict';","    var local;","","","","    // run shared js-env code - pre-init","    (function () {","        // init local","        local = {};","        // init modeJs","        local.modeJs = (function () {","            try {","                return typeof navigator.userAgent === 'string' &&","                    typeof document.querySelector('body') === 'object' &&","                    typeof XMLHttpRequest.prototype.open === 'function' &&","                    'browser';","            } catch (errorCaughtBrowser) {","                return module.exports &&","                    typeof process.versions.node === 'string' &&","                    typeof require('http').createServer === 'function' &&","                    'node';","            }","        }());","        // init global","        local.global = local.modeJs === 'browser'","            ? window","            : global;","        switch (local.modeJs) {","        // re-init local from window.local","        case 'browser':","            local = local.global.utility2.objectSetDefault(","                local.global.utility2_rollup || local.global.local,","                local.global.utility2","            );","            break;","        // re-init local from example.js","        case 'node':","            local = (local.global.utility2_rollup || require('utility2'))","                .requireReadme();","            break;","        }","        // export local","        local.global.local = local;","    }());","","","","    // run shared js-env code - function","    (function () {","        return;","    }());","    switch (local.modeJs) {","","","","    // run browser js-env code - function","    case 'browser':","        break;","","","","    // run node js-env code - function","    case 'node':","        break;","    }","","","","    // run shared js-env code - post-init","    (function () {","        return;","    }());","    switch (local.modeJs) {","","","","    // run browser js-env code - post-init","    case 'browser':","        local.testCase_browser_nullCase = local.testCase_browser_nullCase || function (","            options,","            onError","        ) {","        /*","         * this function will test browsers's null-case handling-behavior-behavior","         */","            onError(null, options);","        };","","        // run tests","        local.nop(local.modeTest &&","            document.querySelector('#testRunButton1') &&","            document.querySelector('#testRunButton1').click());","        break;","","","","    // run node js-env code - post-init","    /* istanbul ignore next */","    case 'node':","        local.testCase_buildApidoc_default = local.testCase_buildApidoc_default || function (","            options,","            onError","        ) {","        /*","         * this function will test buildApidoc's default handling-behavior-behavior","         */","            options = { modulePathList: module.paths };","            local.buildApidoc(options, onError);","        };","","        local.testCase_buildApp_default = local.testCase_buildApp_default || function (","            options,","            onError","        ) {","        /*","         * this function will test buildApp's default handling-behavior-behavior","         */","            local.testCase_buildReadme_default(options, local.onErrorThrow);","            local.testCase_buildLib_default(options, local.onErrorThrow);","            local.testCase_buildTest_default(options, local.onErrorThrow);","            local.testCase_buildCustomOrg_default(options, local.onErrorThrow);","            options = [];","            local.buildApp(options, onError);","        };","","        local.testCase_buildCustomOrg_default = local.testCase_buildCustomOrg_default ||","            function (options, onError) {","            /*","             * this function will test buildCustomOrg's default handling-behavior","             */","                options = {};","                local.buildCustomOrg(options, onError);","            };","","        local.testCase_buildLib_default = local.testCase_buildLib_default || function (","            options,","            onError","        ) {","        /*","         * this function will test buildLib's default handling-behavior","         */","            options = {};","            local.buildLib(options, onError);","        };","","        local.testCase_buildReadme_default = local.testCase_buildReadme_default || function (","            options,","            onError","        ) {","        /*","         * this function will test buildReadme's default handling-behavior-behavior","         */","            options = {};","            local.buildReadme(options, onError);","        };","","        local.testCase_buildTest_default = local.testCase_buildTest_default || function (","            options,","            onError","        ) {","        /*","         * this function will test buildTest's default handling-behavior","         */","            options = {};","            local.buildTest(options, onError);","        };","","        local.testCase_webpage_default = local.testCase_webpage_default || function (","            options,","            onError","        ) {","        /*","         * this function will test webpage's default handling-behavior","         */","            options = { modeCoverageMerge: true, url: local.serverLocalHost + '?modeTest=1' };","            local.browserTest(options, onError);","        };","","        // run test-server","        local.testRunServer(local);","        break;","    }","}());",""],"l":{"12":2,"14":2,"19":2,"21":2,"23":2,"24":2,"25":2,"30":1,"37":2,"40":2,"43":1,"47":1,"50":1,"52":1,"55":2,"61":2,"62":2,"64":2,"70":1,"76":1,"82":2,"83":2,"85":2,"91":1,"98":1,"102":1,"105":1,"112":1,"119":1,"120":1,"123":1,"130":1,"131":1,"132":1,"133":1,"134":1,"135":1,"138":1,"143":2,"144":2,"147":1,"154":2,"155":2,"158":1,"165":2,"166":2,"169":1,"176":2,"177":2,"180":1,"187":1,"188":1,"192":1,"193":1}},"/home/travis/build/npmtest/node-npmtest-react-codemod/lib.npmtest_react_codemod.js":{"path":"/home/travis/build/npmtest/node-npmtest-react-codemod/lib.npmtest_react_codemod.js","s":{"1":2,"2":2,"3":2,"4":2,"5":2,"6":2,"7":2,"8":1,"9":2,"10":2,"11":2,"12":2,"13":1,"14":1,"15":1,"16":1},"b":{"1":[2,1,1,1],"2":[1,1,1,1],"3":[1,1],"4":[2,2],"5":[1,1]},"f":{"1":2,"2":2,"3":2},"fnMap":{"1":{"name":"(anonymous_1)","line":12,"loc":{"start":{"line":12,"column":1},"end":{"line":12,"column":13}}},"2":{"name":"(anonymous_2)","line":19,"loc":{"start":{"line":19,"column":5},"end":{"line":19,"column":17}}},"3":{"name":"(anonymous_3)","line":23,"loc":{"start":{"line":23,"column":24},"end":{"line":23,"column":36}}}},"statementMap":{"1":{"start":{"line":12,"column":0},"end":{"line":53,"column":5}},"2":{"start":{"line":14,"column":4},"end":{"line":14,"column":14}},"3":{"start":{"line":19,"column":4},"end":{"line":52,"column":9}},"4":{"start":{"line":21,"column":8},"end":{"line":21,"column":19}},"5":{"start":{"line":23,"column":8},"end":{"line":35,"column":13}},"6":{"start":{"line":24,"column":12},"end":{"line":34,"column":13}},"7":{"start":{"line":25,"column":16},"end":{"line":28,"column":30}},"8":{"start":{"line":30,"column":16},"end":{"line":33,"column":27}},"9":{"start":{"line":37,"column":8},"end":{"line":39,"column":21}},"10":{"start":{"line":41,"column":8},"end":{"line":41,"column":54}},"11":{"start":{"line":43,"column":8},"end":{"line":43,"column":58}},"12":{"start":{"line":45,"column":8},"end":{"line":51,"column":9}},"13":{"start":{"line":46,"column":12},"end":{"line":46,"column":64}},"14":{"start":{"line":48,"column":12},"end":{"line":48,"column":35}},"15":{"start":{"line":49,"column":12},"end":{"line":49,"column":49}},"16":{"start":{"line":50,"column":12},"end":{"line":50,"column":43}}},"branchMap":{"1":{"line":25,"type":"binary-expr","locations":[{"start":{"line":25,"column":23},"end":{"line":25,"column":62}},{"start":{"line":26,"column":20},"end":{"line":26,"column":70}},{"start":{"line":27,"column":20},"end":{"line":27,"column":71}},{"start":{"line":28,"column":20},"end":{"line":28,"column":29}}]},"2":{"line":30,"type":"binary-expr","locations":[{"start":{"line":30,"column":23},"end":{"line":30,"column":37}},{"start":{"line":31,"column":20},"end":{"line":31,"column":61}},{"start":{"line":32,"column":20},"end":{"line":32,"column":70}},{"start":{"line":33,"column":20},"end":{"line":33,"column":26}}]},"3":{"line":37,"type":"cond-expr","locations":[{"start":{"line":38,"column":14},"end":{"line":38,"column":20}},{"start":{"line":39,"column":14},"end":{"line":39,"column":20}}]},"4":{"line":41,"type":"binary-expr","locations":[{"start":{"line":41,"column":16},"end":{"line":41,"column":44}},{"start":{"line":41,"column":48},"end":{"line":41,"column":53}}]},"5":{"line":45,"type":"if","locations":[{"start":{"line":45,"column":8},"end":{"line":45,"column":8}},{"start":{"line":45,"column":8},"end":{"line":45,"column":8}}]}},"code":["/* istanbul instrument in package npmtest_react_codemod */","/*jslint","    bitwise: true,","    browser: true,","    maxerr: 8,","    maxlen: 96,","    node: true,","    nomen: true,","    regexp: true,","    stupid: true","*/","(function () {","    'use strict';","    var local;","","","","    // run shared js-env code - pre-init","    (function () {","        // init local","        local = {};","        // init modeJs","        local.modeJs = (function () {","            try {","                return typeof navigator.userAgent === 'string' &&","                    typeof document.querySelector('body') === 'object' &&","                    typeof XMLHttpRequest.prototype.open === 'function' &&","                    'browser';","            } catch (errorCaughtBrowser) {","                return module.exports &&","                    typeof process.versions.node === 'string' &&","                    typeof require('http').createServer === 'function' &&","                    'node';","            }","        }());","        // init global","        local.global = local.modeJs === 'browser'","            ? window","            : global;","        // init utility2_rollup","        local = local.global.utility2_rollup || local;","        // init lib","        local.local = local.npmtest_react_codemod = local;","        // init exports","        if (local.modeJs === 'browser') {","            local.global.utility2_npmtest_react_codemod = local;","        } else {","            module.exports = local;","            module.exports.__dirname = __dirname;","            module.exports.module = module;","        }","    }());","}());",""],"l":{"12":2,"14":2,"19":2,"21":2,"23":2,"24":2,"25":2,"30":1,"37":2,"41":2,"43":2,"45":2,"46":1,"48":1,"49":1,"50":1}},"/home/travis/build/npmtest/node-npmtest-react-codemod/example.js":{"path":"/home/travis/build/npmtest/node-npmtest-react-codemod/example.js","s":{"1":2,"2":2,"3":2,"4":2,"5":2,"6":2,"7":2,"8":1,"9":2,"10":2,"11":2,"12":2,"13":1,"14":2,"15":2,"16":2,"17":2,"18":2,"19":0,"20":2,"21":1,"22":1,"23":1,"24":1,"25":1,"26":0,"27":0,"28":1,"29":1,"30":2,"31":0,"32":0,"33":0,"34":1,"35":2,"36":2,"37":3,"38":3,"39":3,"40":3,"41":0,"42":3,"43":3,"44":3,"45":1,"46":3,"47":1,"48":1,"49":1,"50":1,"51":1,"52":1,"53":1,"54":1,"55":1,"56":1,"57":0,"58":1,"59":6,"60":6,"61":1,"62":2,"63":0,"64":2,"65":1,"66":1,"67":0,"68":0,"69":0,"70":0,"71":0,"72":0,"73":0,"74":0,"75":0,"76":0,"77":0,"78":0,"79":0,"80":0,"81":0,"82":0,"83":0},"b":{"1":[2,1,1,1],"2":[1,1,1,1],"3":[1,1],"4":[2,2],"5":[1,1],"6":[1,1],"7":[2,0],"8":[2,1,1,1,1,1],"9":[0,2,0],"10":[1,1],"11":[2,1,1],"12":[1,0],"13":[0,2],"14":[2,0,0,0,0,0,0],"15":[0,3],"16":[3,0],"17":[1,1],"18":[0,1],"19":[1,2,0,2],"20":[1,0],"21":[1,1],"22":[0,0],"23":[0,0],"24":[0,0],"25":[0,0],"26":[0,0],"27":[0,0],"28":[0,0]},"f":{"1":2,"2":2,"3":2,"4":2,"5":2,"6":2,"7":3,"8":3,"9":3,"10":1,"11":6,"12":0},"fnMap":{"1":{"name":"(anonymous_1)","line":26,"loc":{"start":{"line":26,"column":1},"end":{"line":26,"column":13}}},"2":{"name":"(anonymous_2)","line":33,"loc":{"start":{"line":33,"column":5},"end":{"line":33,"column":17}}},"3":{"name":"(anonymous_3)","line":37,"loc":{"start":{"line":37,"column":24},"end":{"line":37,"column":36}}},"4":{"name":"(anonymous_4)","line":69,"loc":{"start":{"line":69,"column":31},"end":{"line":69,"column":48}},"skip":true},"5":{"name":"(anonymous_5)","line":78,"loc":{"start":{"line":78,"column":26},"end":{"line":78,"column":45}},"skip":true},"6":{"name":"(anonymous_6)","line":123,"loc":{"start":{"line":123,"column":33},"end":{"line":123,"column":48}},"skip":true},"7":{"name":"(anonymous_7)","line":125,"loc":{"start":{"line":125,"column":27},"end":{"line":125,"column":39}},"skip":true},"8":{"name":"(anonymous_8)","line":133,"loc":{"start":{"line":133,"column":59},"end":{"line":133,"column":74}},"skip":true},"9":{"name":"(anonymous_9)","line":143,"loc":{"start":{"line":143,"column":45},"end":{"line":143,"column":62}},"skip":true},"10":{"name":"(anonymous_10)","line":144,"loc":{"start":{"line":144,"column":73},"end":{"line":144,"column":92}},"skip":true},"11":{"name":"(anonymous_11)","line":272,"loc":{"start":{"line":272,"column":51},"end":{"line":272,"column":77}},"skip":true},"12":{"name":"(anonymous_12)","line":315,"loc":{"start":{"line":315,"column":32},"end":{"line":315,"column":61}},"skip":true}},"statementMap":{"1":{"start":{"line":26,"column":0},"end":{"line":326,"column":5}},"2":{"start":{"line":28,"column":4},"end":{"line":28,"column":14}},"3":{"start":{"line":33,"column":4},"end":{"line":60,"column":9}},"4":{"start":{"line":35,"column":8},"end":{"line":35,"column":19}},"5":{"start":{"line":37,"column":8},"end":{"line":49,"column":13}},"6":{"start":{"line":38,"column":12},"end":{"line":48,"column":13}},"7":{"start":{"line":39,"column":16},"end":{"line":42,"column":30}},"8":{"start":{"line":44,"column":16},"end":{"line":47,"column":27}},"9":{"start":{"line":51,"column":8},"end":{"line":53,"column":21}},"10":{"start":{"line":55,"column":8},"end":{"line":57,"column":45}},"11":{"start":{"line":59,"column":8},"end":{"line":59,"column":35}},"12":{"start":{"line":61,"column":4},"end":{"line":325,"column":5}},"13":{"start":{"line":69,"column":8},"end":{"line":121,"column":10},"skip":true},"14":{"start":{"line":70,"column":12},"end":{"line":88,"column":13},"skip":true},"15":{"start":{"line":76,"column":16},"end":{"line":87,"column":19},"skip":true},"16":{"start":{"line":79,"column":20},"end":{"line":86,"column":21},"skip":true},"17":{"start":{"line":82,"column":24},"end":{"line":82,"column":43},"skip":true},"18":{"start":{"line":83,"column":24},"end":{"line":83,"column":30},"skip":true},"19":{"start":{"line":85,"column":24},"end":{"line":85,"column":49},"skip":true},"20":{"start":{"line":89,"column":12},"end":{"line":107,"column":13},"skip":true},"21":{"start":{"line":92,"column":16},"end":{"line":102,"column":17},"skip":true},"22":{"start":{"line":93,"column":20},"end":{"line":93,"column":86},"skip":true},"23":{"start":{"line":94,"column":20},"end":{"line":95,"column":45},"skip":true},"24":{"start":{"line":96,"column":20},"end":{"line":96,"column":42},"skip":true},"25":{"start":{"line":97,"column":20},"end":{"line":97,"column":48},"skip":true},"26":{"start":{"line":100,"column":20},"end":{"line":100,"column":85},"skip":true},"27":{"start":{"line":101,"column":20},"end":{"line":101,"column":96},"skip":true},"28":{"start":{"line":103,"column":16},"end":{"line":103,"column":22},"skip":true},"29":{"start":{"line":106,"column":16},"end":{"line":106,"column":22},"skip":true},"30":{"start":{"line":108,"column":12},"end":{"line":120,"column":13},"skip":true},"31":{"start":{"line":114,"column":16},"end":{"line":119,"column":17},"skip":true},"32":{"start":{"line":116,"column":20},"end":{"line":116,"column":78},"skip":true},"33":{"start":{"line":118,"column":20},"end":{"line":118,"column":47},"skip":true},"34":{"start":{"line":123,"column":8},"end":{"line":141,"column":11},"skip":true},"35":{"start":{"line":124,"column":12},"end":{"line":124,"column":54},"skip":true},"36":{"start":{"line":125,"column":12},"end":{"line":140,"column":14},"skip":true},"37":{"start":{"line":126,"column":16},"end":{"line":126,"column":28},"skip":true},"38":{"start":{"line":127,"column":16},"end":{"line":127,"column":69},"skip":true},"39":{"start":{"line":128,"column":16},"end":{"line":128,"column":75},"skip":true},"40":{"start":{"line":129,"column":16},"end":{"line":131,"column":17},"skip":true},"41":{"start":{"line":130,"column":20},"end":{"line":130,"column":27},"skip":true},"42":{"start":{"line":133,"column":16},"end":{"line":137,"column":36},"skip":true},"43":{"start":{"line":134,"column":20},"end":{"line":136,"column":55},"skip":true},"44":{"start":{"line":139,"column":16},"end":{"line":139,"column":57},"skip":true},"45":{"start":{"line":143,"column":8},"end":{"line":147,"column":11},"skip":true},"46":{"start":{"line":144,"column":12},"end":{"line":146,"column":15},"skip":true},"47":{"start":{"line":145,"column":16},"end":{"line":145,"column":70},"skip":true},"48":{"start":{"line":149,"column":8},"end":{"line":149,"column":31},"skip":true},"49":{"start":{"line":150,"column":8},"end":{"line":150,"column":14},"skip":true},"50":{"start":{"line":158,"column":8},"end":{"line":158,"column":31},"skip":true},"51":{"start":{"line":160,"column":8},"end":{"line":160,"column":33},"skip":true},"52":{"start":{"line":161,"column":8},"end":{"line":161,"column":37},"skip":true},"53":{"start":{"line":162,"column":8},"end":{"line":162,"column":35},"skip":true},"54":{"start":{"line":164,"column":8},"end":{"line":164,"column":50},"skip":true},"55":{"start":{"line":166,"column":8},"end":{"line":256,"column":2},"skip":true},"56":{"start":{"line":258,"column":8},"end":{"line":286,"column":9},"skip":true},"57":{"start":{"line":259,"column":12},"end":{"line":269,"column":14},"skip":true},"58":{"start":{"line":271,"column":12},"end":{"line":285,"column":19},"skip":true},"59":{"start":{"line":274,"column":20},"end":{"line":274,"column":35},"skip":true},"60":{"start":{"line":275,"column":20},"end":{"line":284,"column":21},"skip":true},"61":{"start":{"line":277,"column":24},"end":{"line":277,"column":64},"skip":true},"62":{"start":{"line":279,"column":24},"end":{"line":279,"column":40},"skip":true},"63":{"start":{"line":281,"column":24},"end":{"line":281,"column":40},"skip":true},"64":{"start":{"line":283,"column":24},"end":{"line":283,"column":39},"skip":true},"65":{"start":{"line":288,"column":8},"end":{"line":290,"column":9},"skip":true},"66":{"start":{"line":289,"column":12},"end":{"line":289,"column":18},"skip":true},"67":{"start":{"line":291,"column":8},"end":{"line":293,"column":54},"skip":true},"68":{"start":{"line":296,"column":8},"end":{"line":301,"column":37},"skip":true},"69":{"start":{"line":303,"column":8},"end":{"line":303,"column":82},"skip":true},"70":{"start":{"line":306,"column":8},"end":{"line":308,"column":9},"skip":true},"71":{"start":{"line":307,"column":12},"end":{"line":307,"column":82},"skip":true},"72":{"start":{"line":310,"column":8},"end":{"line":312,"column":9},"skip":true},"73":{"start":{"line":311,"column":12},"end":{"line":311,"column":18},"skip":true},"74":{"start":{"line":313,"column":8},"end":{"line":313,"column":54},"skip":true},"75":{"start":{"line":314,"column":8},"end":{"line":314,"column":69},"skip":true},"76":{"start":{"line":315,"column":8},"end":{"line":323,"column":36},"skip":true},"77":{"start":{"line":316,"column":12},"end":{"line":316,"column":61},"skip":true},"78":{"start":{"line":317,"column":12},"end":{"line":320,"column":13},"skip":true},"79":{"start":{"line":318,"column":16},"end":{"line":318,"column":75},"skip":true},"80":{"start":{"line":319,"column":16},"end":{"line":319,"column":23},"skip":true},"81":{"start":{"line":321,"column":12},"end":{"line":321,"column":38},"skip":true},"82":{"start":{"line":322,"column":12},"end":{"line":322,"column":27},"skip":true},"83":{"start":{"line":324,"column":8},"end":{"line":324,"column":14},"skip":true}},"branchMap":{"1":{"line":39,"type":"binary-expr","locations":[{"start":{"line":39,"column":23},"end":{"line":39,"column":62}},{"start":{"line":40,"column":20},"end":{"line":40,"column":70}},{"start":{"line":41,"column":20},"end":{"line":41,"column":71}},{"start":{"line":42,"column":20},"end":{"line":42,"column":29}}]},"2":{"line":44,"type":"binary-expr","locations":[{"start":{"line":44,"column":23},"end":{"line":44,"column":37}},{"start":{"line":45,"column":20},"end":{"line":45,"column":61}},{"start":{"line":46,"column":20},"end":{"line":46,"column":70}},{"start":{"line":47,"column":20},"end":{"line":47,"column":26}}]},"3":{"line":51,"type":"cond-expr","locations":[{"start":{"line":52,"column":14},"end":{"line":52,"column":20}},{"start":{"line":53,"column":14},"end":{"line":53,"column":20}}]},"4":{"line":55,"type":"binary-expr","locations":[{"start":{"line":55,"column":16},"end":{"line":55,"column":44}},{"start":{"line":55,"column":49},"end":{"line":57,"column":43}}]},"5":{"line":55,"type":"cond-expr","locations":[{"start":{"line":56,"column":14},"end":{"line":56,"column":57}},{"start":{"line":57,"column":14},"end":{"line":57,"column":43}}]},"6":{"line":61,"type":"switch","locations":[{"start":{"line":68,"column":4},"end":{"line":150,"column":14},"skip":true},{"start":{"line":156,"column":4},"end":{"line":324,"column":14},"skip":true}]},"7":{"line":70,"type":"if","locations":[{"start":{"line":70,"column":12},"end":{"line":70,"column":12},"skip":true},{"start":{"line":70,"column":12},"end":{"line":70,"column":12},"skip":true}]},"8":{"line":70,"type":"binary-expr","locations":[{"start":{"line":70,"column":16},"end":{"line":70,"column":22},"skip":true},{"start":{"line":70,"column":27},"end":{"line":70,"column":32},"skip":true},{"start":{"line":71,"column":20},"end":{"line":71,"column":39},"skip":true},{"start":{"line":72,"column":20},"end":{"line":72,"column":49},"skip":true},{"start":{"line":73,"column":20},"end":{"line":73,"column":58},"skip":true},{"start":{"line":74,"column":20},"end":{"line":74,"column":69},"skip":true}]},"9":{"line":79,"type":"switch","locations":[{"start":{"line":80,"column":20},"end":{"line":80,"column":33},"skip":true},{"start":{"line":81,"column":20},"end":{"line":83,"column":30},"skip":true},{"start":{"line":84,"column":20},"end":{"line":85,"column":49},"skip":true}]},"10":{"line":89,"type":"switch","locations":[{"start":{"line":90,"column":12},"end":{"line":103,"column":22},"skip":true},{"start":{"line":105,"column":12},"end":{"line":106,"column":22},"skip":true}]},"11":{"line":89,"type":"binary-expr","locations":[{"start":{"line":89,"column":20},"end":{"line":89,"column":25},"skip":true},{"start":{"line":89,"column":29},"end":{"line":89,"column":48},"skip":true},{"start":{"line":89,"column":52},"end":{"line":89,"column":74},"skip":true}]},"12":{"line":92,"type":"if","locations":[{"start":{"line":92,"column":16},"end":{"line":92,"column":16},"skip":true},{"start":{"line":92,"column":16},"end":{"line":92,"column":16},"skip":true}]},"13":{"line":108,"type":"if","locations":[{"start":{"line":108,"column":12},"end":{"line":108,"column":12},"skip":true},{"start":{"line":108,"column":12},"end":{"line":108,"column":12},"skip":true}]},"14":{"line":108,"type":"binary-expr","locations":[{"start":{"line":108,"column":16},"end":{"line":108,"column":61},"skip":true},{"start":{"line":108,"column":66},"end":{"line":108,"column":72},"skip":true},{"start":{"line":108,"column":77},"end":{"line":108,"column":82},"skip":true},{"start":{"line":109,"column":20},"end":{"line":109,"column":39},"skip":true},{"start":{"line":110,"column":20},"end":{"line":110,"column":49},"skip":true},{"start":{"line":111,"column":20},"end":{"line":111,"column":58},"skip":true},{"start":{"line":112,"column":20},"end":{"line":112,"column":68},"skip":true}]},"15":{"line":129,"type":"if","locations":[{"start":{"line":129,"column":16},"end":{"line":129,"column":16},"skip":true},{"start":{"line":129,"column":16},"end":{"line":129,"column":16},"skip":true}]},"16":{"line":134,"type":"cond-expr","locations":[{"start":{"line":135,"column":26},"end":{"line":135,"column":29},"skip":true},{"start":{"line":136,"column":26},"end":{"line":136,"column":54},"skip":true}]},"17":{"line":164,"type":"binary-expr","locations":[{"start":{"line":164,"column":27},"end":{"line":164,"column":43},"skip":true},{"start":{"line":164,"column":47},"end":{"line":164,"column":49},"skip":true}]},"18":{"line":258,"type":"if","locations":[{"start":{"line":258,"column":8},"end":{"line":258,"column":8},"skip":true},{"start":{"line":258,"column":8},"end":{"line":258,"column":8},"skip":true}]},"19":{"line":275,"type":"switch","locations":[{"start":{"line":276,"column":20},"end":{"line":277,"column":64},"skip":true},{"start":{"line":278,"column":20},"end":{"line":279,"column":40},"skip":true},{"start":{"line":280,"column":20},"end":{"line":281,"column":40},"skip":true},{"start":{"line":282,"column":20},"end":{"line":283,"column":39},"skip":true}]},"20":{"line":288,"type":"if","locations":[{"start":{"line":288,"column":8},"end":{"line":288,"column":8},"skip":true},{"start":{"line":288,"column":8},"end":{"line":288,"column":8},"skip":true}]},"21":{"line":288,"type":"binary-expr","locations":[{"start":{"line":288,"column":12},"end":{"line":288,"column":40},"skip":true},{"start":{"line":288,"column":44},"end":{"line":288,"column":67},"skip":true}]},"22":{"line":292,"type":"binary-expr","locations":[{"start":{"line":292,"column":12},"end":{"line":292,"column":50},"skip":true},{"start":{"line":293,"column":12},"end":{"line":293,"column":53},"skip":true}]},"23":{"line":297,"type":"binary-expr","locations":[{"start":{"line":297,"column":12},"end":{"line":297,"column":71},"skip":true},{"start":{"line":298,"column":12},"end":{"line":301,"column":36},"skip":true}]},"24":{"line":303,"type":"binary-expr","locations":[{"start":{"line":303,"column":43},"end":{"line":303,"column":75},"skip":true},{"start":{"line":303,"column":79},"end":{"line":303,"column":81},"skip":true}]},"25":{"line":306,"type":"if","locations":[{"start":{"line":306,"column":8},"end":{"line":306,"column":8},"skip":true},{"start":{"line":306,"column":8},"end":{"line":306,"column":8},"skip":true}]},"26":{"line":310,"type":"if","locations":[{"start":{"line":310,"column":8},"end":{"line":310,"column":8},"skip":true},{"start":{"line":310,"column":8},"end":{"line":310,"column":8},"skip":true}]},"27":{"line":313,"type":"binary-expr","locations":[{"start":{"line":313,"column":27},"end":{"line":313,"column":43},"skip":true},{"start":{"line":313,"column":47},"end":{"line":313,"column":53},"skip":true}]},"28":{"line":317,"type":"if","locations":[{"start":{"line":317,"column":12},"end":{"line":317,"column":12},"skip":true},{"start":{"line":317,"column":12},"end":{"line":317,"column":12},"skip":true}]}},"code":["/*","example.js","","quickstart example","","instruction","    1. save this script as example.js","    2. run the shell command:","        $ npm install npmtest-react-codemod && PORT=8081 node example.js","    3. play with the browser-demo on http://127.0.0.1:8081","*/","","","","/* istanbul instrument in package npmtest_react_codemod */","/*jslint","    bitwise: true,","    browser: true,","    maxerr: 8,","    maxlen: 96,","    node: true,","    nomen: true,","    regexp: true,","    stupid: true","*/","(function () {","    'use strict';","    var local;","","","","    // run shared js-env code - pre-init","    (function () {","        // init local","        local = {};","        // init modeJs","        local.modeJs = (function () {","            try {","                return typeof navigator.userAgent === 'string' &&","                    typeof document.querySelector('body') === 'object' &&","                    typeof XMLHttpRequest.prototype.open === 'function' &&","                    'browser';","            } catch (errorCaughtBrowser) {","                return module.exports &&","                    typeof process.versions.node === 'string' &&","                    typeof require('http').createServer === 'function' &&","                    'node';","            }","        }());","        // init global","        local.global = local.modeJs === 'browser'","            ? window","            : global;","        // init utility2_rollup","        local = local.global.utility2_rollup || (local.modeJs === 'browser'","            ? local.global.utility2_npmtest_react_codemod","            : global.utility2_moduleExports);","        // export local","        local.global.local = local;","    }());","    switch (local.modeJs) {","","","","    // post-init","    // run browser js-env code - post-init","    /* istanbul ignore next */","    case 'browser':","        local.testRunBrowser = function (event) {","            if (!event || (event &&","                    event.currentTarget &&","                    event.currentTarget.className &&","                    event.currentTarget.className.includes &&","                    event.currentTarget.className.includes('onreset'))) {","                // reset output","                Array.from(","                    document.querySelectorAll('body > .resettable')","                ).forEach(function (element) {","                    switch (element.tagName) {","                    case 'INPUT':","                    case 'TEXTAREA':","                        element.value = '';","                        break;","                    default:","                        element.textContent = '';","                    }","                });","            }","            switch (event && event.currentTarget && event.currentTarget.id) {","            case 'testRunButton1':","                // show tests","                if (document.querySelector('#testReportDiv1').style.display === 'none') {","                    document.querySelector('#testReportDiv1').style.display = 'block';","                    document.querySelector('#testRunButton1').textContent =","                        'hide internal test';","                    local.modeTest = true;","                    local.testRunDefault(local);","                // hide tests","                } else {","                    document.querySelector('#testReportDiv1').style.display = 'none';","                    document.querySelector('#testRunButton1').textContent = 'run internal test';","                }","                break;","            // custom-case","            default:","                break;","            }","            if (document.querySelector('#inputTextareaEval1') && (!event || (event &&","                    event.currentTarget &&","                    event.currentTarget.className &&","                    event.currentTarget.className.includes &&","                    event.currentTarget.className.includes('oneval')))) {","                // try to eval input-code","                try {","                    /*jslint evil: true*/","                    eval(document.querySelector('#inputTextareaEval1').value);","                } catch (errorCaught) {","                    console.error(errorCaught);","                }","            }","        };","        // log stderr and stdout to #outputTextareaStdout1","        ['error', 'log'].forEach(function (key) {","            console[key + '_original'] = console[key];","            console[key] = function () {","                var element;","                console[key + '_original'].apply(console, arguments);","                element = document.querySelector('#outputTextareaStdout1');","                if (!element) {","                    return;","                }","                // append text to #outputTextareaStdout1","                element.value += Array.from(arguments).map(function (arg) {","                    return typeof arg === 'string'","                        ? arg","                        : JSON.stringify(arg, null, 4);","                }).join(' ') + '\\n';","                // scroll textarea to bottom","                element.scrollTop = element.scrollHeight;","            };","        });","        // init event-handling","        ['change', 'click', 'keyup'].forEach(function (event) {","            Array.from(document.querySelectorAll('.on' + event)).forEach(function (element) {","                element.addEventListener(event, local.testRunBrowser);","            });","        });","        // run tests","        local.testRunBrowser();","        break;","","","","    // run node js-env code - post-init","    /* istanbul ignore next */","    case 'node':","        // export local","        module.exports = local;","        // require modules","        local.fs = require('fs');","        local.http = require('http');","        local.url = require('url');","        // init assets","        local.assetsDict = local.assetsDict || {};","        /* jslint-ignore-begin */","        local.assetsDict['/assets.index.template.html'] = '\\","<!doctype html>\\n\\","<html lang=\"en\">\\n\\","<head>\\n\\","<meta charset=\"UTF-8\">\\n\\","<meta name=\"viewport\" content=\"width=device-width, initial-scale=1\">\\n\\","<title>{{env.npm_package_name}} (v{{env.npm_package_version}})</title>\\n\\","<style>\\n\\","/*csslint\\n\\","    box-sizing: false,\\n\\","    universal-selector: false\\n\\","*/\\n\\","* {\\n\\","    box-sizing: border-box;\\n\\","}\\n\\","body {\\n\\","    background: #dde;\\n\\","    font-family: Arial, Helvetica, sans-serif;\\n\\","    margin: 2rem;\\n\\","}\\n\\","body > * {\\n\\","    margin-bottom: 1rem;\\n\\","}\\n\\",".utility2FooterDiv {\\n\\","    margin-top: 20px;\\n\\","    text-align: center;\\n\\","}\\n\\","</style>\\n\\","<style>\\n\\","/*csslint\\n\\","*/\\n\\","textarea {\\n\\","    font-family: monospace;\\n\\","    height: 10rem;\\n\\","    width: 100%;\\n\\","}\\n\\","textarea[readonly] {\\n\\","    background: #ddd;\\n\\","}\\n\\","</style>\\n\\","</head>\\n\\","<body>\\n\\","<!-- utility2-comment\\n\\","<div id=\"ajaxProgressDiv1\" style=\"background: #d00; height: 2px; left: 0; margin: 0; padding: 0; position: fixed; top: 0; transition: background 0.5s, width 1.5s; width: 25%;\"></div>\\n\\","utility2-comment -->\\n\\","<h1>\\n\\","<!-- utility2-comment\\n\\","    <a\\n\\","        {{#if env.npm_package_homepage}}\\n\\","        href=\"{{env.npm_package_homepage}}\"\\n\\","        {{/if env.npm_package_homepage}}\\n\\","        target=\"_blank\"\\n\\","    >\\n\\","utility2-comment -->\\n\\","        {{env.npm_package_name}} (v{{env.npm_package_version}})\\n\\","<!-- utility2-comment\\n\\","    </a>\\n\\","utility2-comment -->\\n\\","</h1>\\n\\","<h3>{{env.npm_package_description}}</h3>\\n\\","<!-- utility2-comment\\n\\","<h4><a download href=\"assets.app.js\">download standalone app</a></h4>\\n\\","<button class=\"onclick onreset\" id=\"testRunButton1\">run internal test</button><br>\\n\\","<div id=\"testReportDiv1\" style=\"display: none;\"></div>\\n\\","utility2-comment -->\\n\\","\\n\\","\\n\\","\\n\\","<label>stderr and stdout</label>\\n\\","<textarea class=\"resettable\" id=\"outputTextareaStdout1\" readonly></textarea>\\n\\","<!-- utility2-comment\\n\\","{{#if isRollup}}\\n\\","<script src=\"assets.app.js\"></script>\\n\\","{{#unless isRollup}}\\n\\","utility2-comment -->\\n\\","<script src=\"assets.utility2.rollup.js\"></script>\\n\\","<script src=\"jsonp.utility2._stateInit?callback=window.utility2._stateInit\"></script>\\n\\","<script src=\"assets.npmtest_react_codemod.rollup.js\"></script>\\n\\","<script src=\"assets.example.js\"></script>\\n\\","<script src=\"assets.test.js\"></script>\\n\\","<!-- utility2-comment\\n\\","{{/if isRollup}}\\n\\","utility2-comment -->\\n\\","<div class=\"utility2FooterDiv\">\\n\\","    [ this app was created with\\n\\","    <a href=\"https://github.com/kaizhu256/node-utility2\" target=\"_blank\">utility2</a>\\n\\","    ]\\n\\","</div>\\n\\","</body>\\n\\","</html>\\n\\","';","        /* jslint-ignore-end */","        if (local.templateRender) {","            local.assetsDict['/'] = local.templateRender(","                local.assetsDict['/assets.index.template.html'],","                {","                    env: local.objectSetDefault(local.env, {","                        npm_package_description: 'the greatest app in the world!',","                        npm_package_name: 'my-app',","                        npm_package_nameAlias: 'my_app',","                        npm_package_version: '0.0.1'","                    })","                }","            );","        } else {","            local.assetsDict['/'] = local.assetsDict['/assets.index.template.html']","                .replace((/\\{\\{env\\.(\\w+?)\\}\\}/g), function (match0, match1) {","                    // jslint-hack","                    String(match0);","                    switch (match1) {","                    case 'npm_package_description':","                        return 'the greatest app in the world!';","                    case 'npm_package_name':","                        return 'my-app';","                    case 'npm_package_nameAlias':","                        return 'my_app';","                    case 'npm_package_version':","                        return '0.0.1';","                    }","                });","        }","        // run the cli","        if (local.global.utility2_rollup || module !== require.main) {","            break;","        }","        local.assetsDict['/assets.example.js'] =","            local.assetsDict['/assets.example.js'] ||","            local.fs.readFileSync(__filename, 'utf8');","        // bug-workaround - long $npm_package_buildCustomOrg","        /* jslint-ignore-begin */","        local.assetsDict['/assets.npmtest_react_codemod.rollup.js'] =","            local.assetsDict['/assets.npmtest_react_codemod.rollup.js'] ||","            local.fs.readFileSync(","                local.npmtest_react_codemod.__dirname + '/lib.npmtest_react_codemod.js',","                'utf8'","            ).replace((/^#!/), '//');","        /* jslint-ignore-end */","        local.assetsDict['/favicon.ico'] = local.assetsDict['/favicon.ico'] || '';","        // if $npm_config_timeout_exit exists,","        // then exit this process after $npm_config_timeout_exit ms","        if (Number(process.env.npm_config_timeout_exit)) {","            setTimeout(process.exit, Number(process.env.npm_config_timeout_exit));","        }","        // start server","        if (local.global.utility2_serverHttp1) {","            break;","        }","        process.env.PORT = process.env.PORT || '8081';","        console.error('server starting on port ' + process.env.PORT);","        local.http.createServer(function (request, response) {","            request.urlParsed = local.url.parse(request.url);","            if (local.assetsDict[request.urlParsed.pathname] !== undefined) {","                response.end(local.assetsDict[request.urlParsed.pathname]);","                return;","            }","            response.statusCode = 404;","            response.end();","        }).listen(process.env.PORT);","        break;","    }","}());",""],"l":{"26":2,"28":2,"33":2,"35":2,"37":2,"38":2,"39":2,"44":1,"51":2,"55":2,"59":2,"61":2,"69":1,"70":2,"76":2,"79":2,"82":2,"83":2,"85":1,"89":2,"92":1,"93":1,"94":1,"96":1,"97":1,"100":1,"101":1,"103":1,"106":1,"108":2,"114":1,"116":1,"118":1,"123":1,"124":2,"125":2,"126":3,"127":3,"128":3,"129":3,"130":1,"133":3,"134":3,"139":3,"143":1,"144":3,"145":1,"149":1,"150":1,"158":1,"160":1,"161":1,"162":1,"164":1,"166":1,"258":1,"259":1,"271":1,"274":6,"275":6,"277":1,"279":2,"281":1,"283":2,"288":1,"289":1,"291":1,"296":1,"303":1,"306":1,"307":1,"310":1,"311":1,"313":1,"314":1,"315":1,"316":1,"317":1,"318":1,"319":1,"321":1,"322":1,"324":1}},"/home/travis/build/npmtest/node-npmtest-react-codemod/node_modules/react-codemod/.eslintrc.js":{"path":"/home/travis/build/npmtest/node-npmtest-react-codemod/node_modules/react-codemod/.eslintrc.js","s":{"1":1},"b":{},"f":{},"fnMap":{},"statementMap":{"1":{"start":{"line":1,"column":0},"end":{"line":17,"column":2}}},"branchMap":{},"code":["module.exports = {","  parser: 'babel-eslint',","","  extends: './node_modules/fbjs-scripts/eslint/.eslintrc.js',","","  plugins: [","    'react',","  ],","","  ecmaFeatures: {","    modules: false","  },","","  rules: {","    'no-use-before-define': 2,","  },","};",""],"l":{"1":1}},"/home/travis/build/npmtest/node-npmtest-react-codemod/node_modules/react-codemod/jest/env.js":{"path":"/home/travis/build/npmtest/node-npmtest-react-codemod/node_modules/react-codemod/jest/env.js","s":{"1":2,"2":0,"3":0,"4":0,"5":0,"6":0,"7":0,"8":0,"9":0,"10":0,"11":0,"12":0,"13":0,"14":0,"15":0,"16":0,"17":0},"b":{"1":[0,0],"2":[0,0],"3":[0,0],"4":[0,0],"5":[0,0]},"f":{},"fnMap":{},"statementMap":{"1":{"start":{"line":13,"column":0},"end":{"line":13,"column":19}},"2":{"start":{"line":15,"column":0},"end":{"line":15,"column":25}},"3":{"start":{"line":16,"column":0},"end":{"line":16,"column":26}},"4":{"start":{"line":18,"column":0},"end":{"line":21,"column":2}},"5":{"start":{"line":18,"column":25},"end":{"line":21,"column":1}},"6":{"start":{"line":23,"column":0},"end":{"line":49,"column":2}},"7":{"start":{"line":24,"column":2},"end":{"line":27,"column":4}},"8":{"start":{"line":29,"column":2},"end":{"line":29,"column":45}},"9":{"start":{"line":30,"column":2},"end":{"line":30,"column":44}},"10":{"start":{"line":31,"column":2},"end":{"line":31,"column":51}},"11":{"start":{"line":32,"column":2},"end":{"line":32,"column":34}},"12":{"start":{"line":33,"column":2},"end":{"line":35,"column":4}},"13":{"start":{"line":36,"column":2},"end":{"line":38,"column":3}},"14":{"start":{"line":37,"column":4},"end":{"line":37,"column":34}},"15":{"start":{"line":40,"column":2},"end":{"line":42,"column":3}},"16":{"start":{"line":41,"column":4},"end":{"line":41,"column":28}},"17":{"start":{"line":44,"column":2},"end":{"line":48,"column":4}}},"branchMap":{"1":{"line":36,"type":"if","locations":[{"start":{"line":36,"column":2},"end":{"line":36,"column":2}},{"start":{"line":36,"column":2},"end":{"line":36,"column":2}}]},"2":{"line":40,"type":"if","locations":[{"start":{"line":40,"column":2},"end":{"line":40,"column":2}},{"start":{"line":40,"column":2},"end":{"line":40,"column":2}}]},"3":{"line":40,"type":"binary-expr","locations":[{"start":{"line":40,"column":6},"end":{"line":40,"column":17}},{"start":{"line":40,"column":21},"end":{"line":40,"column":37}}]},"4":{"line":45,"type":"binary-expr","locations":[{"start":{"line":45,"column":5},"end":{"line":45,"column":60}},{"start":{"line":45,"column":64},"end":{"line":45,"column":66}}]},"5":{"line":45,"type":"binary-expr","locations":[{"start":{"line":45,"column":46},"end":{"line":45,"column":53}},{"start":{"line":45,"column":57},"end":{"line":45,"column":59}}]}},"code":["/**"," * Copyright 2013-2015, Facebook, Inc."," * All rights reserved."," *"," * This source code is licensed under the BSD-style license found in the"," * LICENSE file in the root directory of this source tree. An additional grant"," * of patent rights can be found in the PATENTS file in the same directory."," *"," */","","'use strict';","","jest.autoMockOff();","","const fs = require('fs');","const p = require('path');","","const read = fileName => fs.readFileSync(","  p.join(__dirname, global.baseDir, 'test', fileName),","  'utf8'",");","","global.test = (transformName, testFileName, options, fakeOptions) => {","  console.warn(","    'react-codemod test() is deprecated. Please use jscodeshift testUtils ' +","    'instead. See http://dl.vc/jscodeshift-test'","  );","","  const jscodeshift = require('jscodeshift');","  const source = read(testFileName + '.js');","  const output = read(testFileName + '.output.js');","  let path = testFileName + '.js';","  let transform = require(","    p.join(global.baseDir, '/transforms/', transformName)","  );","  if (transform.default) {","    transform = transform.default;","  }","","  if (fakeOptions && fakeOptions.path) {","    path = fakeOptions.path;","  }","","  expect(","    (transform({path, source}, {jscodeshift}, options || {}) || '').trim()","  ).toEqual(","    output.trim()","  );","};",""],"l":{"13":2,"15":0,"16":0,"18":0,"23":0,"24":0,"29":0,"30":0,"31":0,"32":0,"33":0,"36":0,"37":0,"40":0,"41":0,"44":0}},"/home/travis/build/npmtest/node-npmtest-react-codemod/node_modules/react-codemod/transforms/class.js":{"path":"/home/travis/build/npmtest/node-npmtest-react-codemod/node_modules/react-codemod/transforms/class.js","s":{"1":1,"2":0,"3":0,"4":0,"5":0,"6":0,"7":0,"8":0,"9":0,"10":0,"11":0,"12":0,"13":0,"14":0,"15":0,"16":0,"17":0,"18":0,"19":0,"20":0,"21":0,"22":0,"23":0,"24":0,"25":0,"26":0,"27":0,"28":0,"29":0,"30":0,"31":0,"32":0,"33":0,"34":0,"35":0,"36":0,"37":0,"38":0,"39":0,"40":0,"41":0,"42":0,"43":0,"44":0,"45":0,"46":0,"47":0,"48":0,"49":0,"50":0,"51":0,"52":0,"53":0,"54":0,"55":0,"56":0,"57":0,"58":0,"59":0,"60":0,"61":0,"62":0,"63":0,"64":0,"65":0,"66":0,"67":0,"68":0,"69":0,"70":0,"71":0,"72":0,"73":0,"74":0,"75":0,"76":0,"77":0,"78":0,"79":0,"80":0,"81":0,"82":0,"83":0,"84":0,"85":0,"86":0,"87":0,"88":0,"89":0,"90":0,"91":0,"92":0,"93":0,"94":0,"95":0,"96":0,"97":0,"98":0,"99":0,"100":0,"101":0,"102":0,"103":0,"104":0,"105":0,"106":0,"107":0,"108":0,"109":0,"110":0,"111":0,"112":0,"113":0,"114":0,"115":0,"116":0,"117":0,"118":0,"119":0,"120":0,"121":0,"122":0,"123":0,"124":0,"125":0,"126":0,"127":0,"128":0,"129":0,"130":0,"131":0,"132":0,"133":0,"134":0,"135":0,"136":0,"137":0,"138":0,"139":0,"140":0,"141":0,"142":0,"143":0,"144":0,"145":0,"146":0,"147":0,"148":0,"149":0,"150":0,"151":0,"152":0,"153":0,"154":0,"155":0,"156":0,"157":0,"158":0,"159":0,"160":0,"161":0,"162":0,"163":0,"164":0,"165":0,"166":0,"167":0,"168":0,"169":0,"170":0,"171":0,"172":0,"173":0,"174":0,"175":0,"176":0,"177":0,"178":0,"179":0,"180":0,"181":0,"182":0,"183":0,"184":0,"185":0,"186":0,"187":0,"188":0,"189":0,"190":0,"191":0,"192":0,"193":0,"194":0,"195":0,"196":0,"197":0,"198":0,"199":0,"200":0,"201":0,"202":0,"203":0,"204":0,"205":0,"206":0,"207":0,"208":0,"209":0,"210":0,"211":0,"212":0,"213":0,"214":0,"215":0,"216":0,"217":0,"218":0,"219":0,"220":0,"221":0,"222":0,"223":0,"224":0,"225":0,"226":0,"227":0,"228":0,"229":0,"230":0,"231":0,"232":0,"233":0,"234":0,"235":0,"236":0,"237":0,"238":0,"239":0,"240":0,"241":0,"242":0,"243":0,"244":0,"245":0,"246":0,"247":0,"248":0,"249":0,"250":0,"251":0,"252":0,"253":0,"254":0,"255":0,"256":0,"257":0,"258":0,"259":0,"260":0,"261":0,"262":0,"263":0,"264":0,"265":0,"266":0,"267":0,"268":0,"269":0,"270":0,"271":0,"272":0,"273":0,"274":0,"275":0,"276":0,"277":0,"278":0,"279":0,"280":0,"281":0,"282":0,"283":0,"284":0,"285":0,"286":0,"287":0,"288":0,"289":0,"290":0,"291":0,"292":0,"293":0,"294":0,"295":0,"296":0,"297":0,"298":0,"299":0,"300":0,"301":0,"302":0,"303":0,"304":0,"305":0,"306":0,"307":0,"308":0,"309":0,"310":0,"311":0,"312":0,"313":0,"314":0,"315":0,"316":0,"317":0,"318":0,"319":0,"320":0,"321":0,"322":0,"323":0,"324":0,"325":0,"326":0,"327":0,"328":0,"329":0,"330":0,"331":0,"332":0,"333":0,"334":0,"335":0,"336":0,"337":0,"338":0,"339":0,"340":0,"341":0,"342":0,"343":0,"344":0,"345":0,"346":0,"347":0,"348":0,"349":0,"350":0,"351":0,"352":0,"353":0,"354":0,"355":0,"356":0,"357":0,"358":0,"359":0,"360":0,"361":0,"362":0,"363":0,"364":0,"365":0,"366":0,"367":0,"368":0,"369":0,"370":0,"371":0,"372":0,"373":0,"374":0,"375":0,"376":0,"377":0,"378":0,"379":0,"380":0,"381":0,"382":0,"383":0,"384":0,"385":0,"386":0,"387":0,"388":0,"389":0,"390":1},"b":{"1":[0,0],"2":[0,0],"3":[0,0],"4":[0,0],"5":[0,0],"6":[0,0],"7":[0,0,0],"8":[0,0,0],"9":[0,0,0,0],"10":[0,0,0,0],"11":[0,0,0,0,0],"12":[0,0,0,0,0,0,0],"13":[0,0],"14":[0,0],"15":[0,0],"16":[0,0],"17":[0,0],"18":[0,0],"19":[0,0],"20":[0,0],"21":[0,0],"22":[0,0],"23":[0,0],"24":[0,0],"25":[0,0],"26":[0,0],"27":[0,0,0,0,0,0,0,0,0],"28":[0,0],"29":[0,0],"30":[0,0],"31":[0,0],"32":[0,0],"33":[0,0],"34":[0,0,0],"35":[0,0],"36":[0,0],"37":[0,0],"38":[0,0],"39":[0,0],"40":[0,0,0],"41":[0,0],"42":[0,0],"43":[0,0,0],"44":[0,0],"45":[0,0],"46":[0,0],"47":[0,0],"48":[0,0,0],"49":[0,0],"50":[0,0],"51":[0,0,0,0,0],"52":[0,0],"53":[0,0,0],"54":[0,0,0],"55":[0,0],"56":[0,0],"57":[0,0,0,0,0,0,0],"58":[0,0],"59":[0,0],"60":[0,0],"61":[0,0,0],"62":[0,0],"63":[0,0],"64":[0,0],"65":[0,0],"66":[0,0],"67":[0,0],"68":[0,0],"69":[0,0],"70":[0,0],"71":[0,0],"72":[0,0],"73":[0,0],"74":[0,0],"75":[0,0],"76":[0,0],"77":[0,0],"78":[0,0],"79":[0,0],"80":[0,0],"81":[0,0],"82":[0,0],"83":[0,0],"84":[0,0],"85":[0,0],"86":[0,0],"87":[0,0],"88":[0,0],"89":[0,0],"90":[0,0],"91":[0,0],"92":[0,0],"93":[0,0,0],"94":[0,0],"95":[0,0],"96":[0,0],"97":[0,0],"98":[0,0],"99":[0,0],"100":[0,0],"101":[0,0],"102":[0,0],"103":[0,0],"104":[0,0],"105":[0,0],"106":[0,0]},"f":{},"fnMap":{},"statementMap":{"1":{"start":{"line":13,"column":0},"end":{"line":1155,"column":2}},"2":{"start":{"line":14,"column":2},"end":{"line":14,"column":28}},"3":{"start":{"line":16,"column":2},"end":{"line":16,"column":37}},"4":{"start":{"line":17,"column":2},"end":{"line":17,"column":54}},"5":{"start":{"line":19,"column":2},"end":{"line":25,"column":6}},"6":{"start":{"line":27,"column":2},"end":{"line":27,"column":30}},"7":{"start":{"line":30,"column":2},"end":{"line":30,"column":77}},"8":{"start":{"line":32,"column":2},"end":{"line":44,"column":4}},"9":{"start":{"line":46,"column":2},"end":{"line":46,"column":48}},"10":{"start":{"line":47,"column":2},"end":{"line":47,"column":43}},"11":{"start":{"line":48,"column":2},"end":{"line":48,"column":52}},"12":{"start":{"line":50,"column":2},"end":{"line":56,"column":4}},"13":{"start":{"line":58,"column":2},"end":{"line":59,"column":37}},"14":{"start":{"line":61,"column":2},"end":{"line":61,"column":31}},"15":{"start":{"line":63,"column":2},"end":{"line":68,"column":4}},"16":{"start":{"line":70,"column":2},"end":{"line":70,"column":29}},"17":{"start":{"line":72,"column":2},"end":{"line":72,"column":34}},"18":{"start":{"line":74,"column":2},"end":{"line":83,"column":3}},"19":{"start":{"line":75,"column":4},"end":{"line":75,"column":69}},"20":{"start":{"line":76,"column":4},"end":{"line":82,"column":5}},"21":{"start":{"line":77,"column":6},"end":{"line":81,"column":9}},"22":{"start":{"line":78,"column":8},"end":{"line":80,"column":9}},"23":{"start":{"line":79,"column":10},"end":{"line":79,"column":37}},"24":{"start":{"line":87,"column":2},"end":{"line":91,"column":4}},"25":{"start":{"line":87,"column":35},"end":{"line":91,"column":3}},"26":{"start":{"line":88,"column":4},"end":{"line":90,"column":30}},"27":{"start":{"line":93,"column":2},"end":{"line":94,"column":48}},"28":{"start":{"line":94,"column":4},"end":{"line":94,"column":47}},"29":{"start":{"line":96,"column":2},"end":{"line":97,"column":52}},"30":{"start":{"line":97,"column":4},"end":{"line":97,"column":51}},"31":{"start":{"line":99,"column":2},"end":{"line":100,"column":72}},"32":{"start":{"line":100,"column":4},"end":{"line":100,"column":71}},"33":{"start":{"line":102,"column":2},"end":{"line":105,"column":4}},"34":{"start":{"line":103,"column":4},"end":{"line":103,"column":32}},"35":{"start":{"line":104,"column":4},"end":{"line":104,"column":14}},"36":{"start":{"line":107,"column":2},"end":{"line":111,"column":5}},"37":{"start":{"line":108,"column":4},"end":{"line":111,"column":3}},"38":{"start":{"line":113,"column":2},"end":{"line":118,"column":4}},"39":{"start":{"line":114,"column":4},"end":{"line":117,"column":44}},"40":{"start":{"line":120,"column":2},"end":{"line":125,"column":4}},"41":{"start":{"line":121,"column":4},"end":{"line":124,"column":32}},"42":{"start":{"line":127,"column":2},"end":{"line":133,"column":4}},"43":{"start":{"line":128,"column":4},"end":{"line":132,"column":43}},"44":{"start":{"line":135,"column":2},"end":{"line":143,"column":4}},"45":{"start":{"line":136,"column":4},"end":{"line":142,"column":31}},"46":{"start":{"line":145,"column":2},"end":{"line":151,"column":4}},"47":{"start":{"line":146,"column":4},"end":{"line":148,"column":5}},"48":{"start":{"line":147,"column":6},"end":{"line":147,"column":18}},"49":{"start":{"line":150,"column":4},"end":{"line":150,"column":59}},"50":{"start":{"line":155,"column":2},"end":{"line":162,"column":10}},"51":{"start":{"line":156,"column":4},"end":{"line":162,"column":9}},"52":{"start":{"line":158,"column":8},"end":{"line":160,"column":17}},"53":{"start":{"line":164,"column":2},"end":{"line":175,"column":4}},"54":{"start":{"line":165,"column":4},"end":{"line":173,"column":5}},"55":{"start":{"line":166,"column":6},"end":{"line":171,"column":8}},"56":{"start":{"line":172,"column":6},"end":{"line":172,"column":19}},"57":{"start":{"line":174,"column":4},"end":{"line":174,"column":16}},"58":{"start":{"line":177,"column":2},"end":{"line":199,"column":4}},"59":{"start":{"line":178,"column":4},"end":{"line":187,"column":6}},"60":{"start":{"line":189,"column":4},"end":{"line":197,"column":5}},"61":{"start":{"line":190,"column":6},"end":{"line":195,"column":8}},"62":{"start":{"line":196,"column":6},"end":{"line":196,"column":19}},"63":{"start":{"line":198,"column":4},"end":{"line":198,"column":16}},"64":{"start":{"line":201,"column":2},"end":{"line":215,"column":4}},"65":{"start":{"line":202,"column":4},"end":{"line":204,"column":6}},"66":{"start":{"line":205,"column":4},"end":{"line":213,"column":5}},"67":{"start":{"line":206,"column":6},"end":{"line":211,"column":8}},"68":{"start":{"line":212,"column":6},"end":{"line":212,"column":19}},"69":{"start":{"line":214,"column":4},"end":{"line":214,"column":16}},"70":{"start":{"line":217,"column":2},"end":{"line":262,"column":4}},"71":{"start":{"line":218,"column":4},"end":{"line":220,"column":5}},"72":{"start":{"line":219,"column":6},"end":{"line":219,"column":18}},"73":{"start":{"line":222,"column":4},"end":{"line":222,"column":42}},"74":{"start":{"line":223,"column":4},"end":{"line":223,"column":22}},"75":{"start":{"line":225,"column":4},"end":{"line":227,"column":14}},"76":{"start":{"line":229,"column":4},"end":{"line":231,"column":14}},"77":{"start":{"line":233,"column":4},"end":{"line":245,"column":5}},"78":{"start":{"line":244,"column":6},"end":{"line":244,"column":21}},"79":{"start":{"line":247,"column":4},"end":{"line":259,"column":5}},"80":{"start":{"line":258,"column":6},"end":{"line":258,"column":21}},"81":{"start":{"line":261,"column":4},"end":{"line":261,"column":18}},"82":{"start":{"line":264,"column":2},"end":{"line":279,"column":4}},"83":{"start":{"line":265,"column":4},"end":{"line":265,"column":70}},"84":{"start":{"line":266,"column":4},"end":{"line":268,"column":5}},"85":{"start":{"line":267,"column":6},"end":{"line":267,"column":19}},"86":{"start":{"line":269,"column":4},"end":{"line":269,"column":83}},"87":{"start":{"line":270,"column":4},"end":{"line":277,"column":5}},"88":{"start":{"line":271,"column":6},"end":{"line":276,"column":8}},"89":{"start":{"line":278,"column":4},"end":{"line":278,"column":18}},"90":{"start":{"line":281,"column":2},"end":{"line":312,"column":4}},"91":{"start":{"line":282,"column":4},"end":{"line":282,"column":70}},"92":{"start":{"line":283,"column":4},"end":{"line":285,"column":5}},"93":{"start":{"line":284,"column":6},"end":{"line":284,"column":19}},"94":{"start":{"line":286,"column":4},"end":{"line":297,"column":7}},"95":{"start":{"line":287,"column":6},"end":{"line":296,"column":7}},"96":{"start":{"line":299,"column":4},"end":{"line":310,"column":5}},"97":{"start":{"line":300,"column":6},"end":{"line":302,"column":20}},"98":{"start":{"line":301,"column":21},"end":{"line":301,"column":61}},"99":{"start":{"line":303,"column":6},"end":{"line":309,"column":8}},"100":{"start":{"line":311,"column":4},"end":{"line":311,"column":37}},"101":{"start":{"line":314,"column":2},"end":{"line":322,"column":4}},"102":{"start":{"line":315,"column":4},"end":{"line":320,"column":5}},"103":{"start":{"line":319,"column":6},"end":{"line":319,"column":19}},"104":{"start":{"line":321,"column":4},"end":{"line":321,"column":16}},"105":{"start":{"line":326,"column":2},"end":{"line":335,"column":4}},"106":{"start":{"line":327,"column":4},"end":{"line":334,"column":5}},"107":{"start":{"line":328,"column":6},"end":{"line":328,"column":41}},"108":{"start":{"line":330,"column":6},"end":{"line":333,"column":8}},"109":{"start":{"line":337,"column":2},"end":{"line":345,"column":6}},"110":{"start":{"line":338,"column":4},"end":{"line":345,"column":5}},"111":{"start":{"line":350,"column":2},"end":{"line":365,"column":4}},"112":{"start":{"line":351,"column":4},"end":{"line":351,"column":22}},"113":{"start":{"line":353,"column":4},"end":{"line":362,"column":5}},"114":{"start":{"line":354,"column":6},"end":{"line":354,"column":46}},"115":{"start":{"line":355,"column":6},"end":{"line":361,"column":7}},"116":{"start":{"line":356,"column":8},"end":{"line":356,"column":50}},"117":{"start":{"line":357,"column":13},"end":{"line":361,"column":7}},"118":{"start":{"line":358,"column":8},"end":{"line":358,"column":50}},"119":{"start":{"line":359,"column":13},"end":{"line":361,"column":7}},"120":{"start":{"line":360,"column":8},"end":{"line":360,"column":30}},"121":{"start":{"line":364,"column":4},"end":{"line":364,"column":18}},"122":{"start":{"line":367,"column":2},"end":{"line":376,"column":6}},"123":{"start":{"line":367,"column":49},"end":{"line":376,"column":5}},"124":{"start":{"line":369,"column":6},"end":{"line":369,"column":74}},"125":{"start":{"line":371,"column":20},"end":{"line":371,"column":96}},"126":{"start":{"line":373,"column":6},"end":{"line":375,"column":26}},"127":{"start":{"line":378,"column":2},"end":{"line":414,"column":4}},"128":{"start":{"line":379,"column":4},"end":{"line":379,"column":22}},"129":{"start":{"line":381,"column":4},"end":{"line":387,"column":7}},"130":{"start":{"line":389,"column":4},"end":{"line":393,"column":7}},"131":{"start":{"line":395,"column":4},"end":{"line":411,"column":5}},"132":{"start":{"line":396,"column":6},"end":{"line":402,"column":9}},"133":{"start":{"line":397,"column":8},"end":{"line":401,"column":10}},"134":{"start":{"line":403,"column":11},"end":{"line":411,"column":5}},"135":{"start":{"line":404,"column":6},"end":{"line":410,"column":9}},"136":{"start":{"line":405,"column":8},"end":{"line":409,"column":10}},"137":{"start":{"line":413,"column":4},"end":{"line":413,"column":18}},"138":{"start":{"line":416,"column":2},"end":{"line":416,"column":90}},"139":{"start":{"line":420,"column":2},"end":{"line":425,"column":11}},"140":{"start":{"line":421,"column":4},"end":{"line":425,"column":10}},"141":{"start":{"line":427,"column":2},"end":{"line":449,"column":4}},"142":{"start":{"line":428,"column":4},"end":{"line":428,"column":42}},"143":{"start":{"line":430,"column":4},"end":{"line":438,"column":67}},"144":{"start":{"line":438,"column":23},"end":{"line":438,"column":65}},"145":{"start":{"line":440,"column":4},"end":{"line":448,"column":69}},"146":{"start":{"line":448,"column":23},"end":{"line":448,"column":67}},"147":{"start":{"line":452,"column":2},"end":{"line":508,"column":4}},"148":{"start":{"line":453,"column":4},"end":{"line":453,"column":66}},"149":{"start":{"line":458,"column":4},"end":{"line":459,"column":41}},"150":{"start":{"line":459,"column":23},"end":{"line":459,"column":39}},"151":{"start":{"line":461,"column":4},"end":{"line":462,"column":41}},"152":{"start":{"line":462,"column":23},"end":{"line":462,"column":39}},"153":{"start":{"line":464,"column":4},"end":{"line":507,"column":37}},"154":{"start":{"line":468,"column":8},"end":{"line":468,"column":65}},"155":{"start":{"line":469,"column":8},"end":{"line":482,"column":10}},"156":{"start":{"line":485,"column":8},"end":{"line":485,"column":54}},"157":{"start":{"line":488,"column":8},"end":{"line":490,"column":9}},"158":{"start":{"line":489,"column":10},"end":{"line":489,"column":51}},"159":{"start":{"line":492,"column":8},"end":{"line":502,"column":11}},"160":{"start":{"line":504,"column":8},"end":{"line":506,"column":9}},"161":{"start":{"line":505,"column":10},"end":{"line":505,"column":55}},"162":{"start":{"line":510,"column":2},"end":{"line":516,"column":24}},"163":{"start":{"line":511,"column":4},"end":{"line":516,"column":23}},"164":{"start":{"line":518,"column":2},"end":{"line":524,"column":4}},"165":{"start":{"line":519,"column":4},"end":{"line":521,"column":5}},"166":{"start":{"line":520,"column":6},"end":{"line":520,"column":62}},"167":{"start":{"line":523,"column":4},"end":{"line":523,"column":35}},"168":{"start":{"line":526,"column":2},"end":{"line":573,"column":4}},"169":{"start":{"line":527,"column":4},"end":{"line":527,"column":47}},"170":{"start":{"line":528,"column":4},"end":{"line":528,"column":33}},"171":{"start":{"line":530,"column":4},"end":{"line":546,"column":5}},"172":{"start":{"line":545,"column":6},"end":{"line":545,"column":30}},"173":{"start":{"line":548,"column":4},"end":{"line":548,"column":49}},"174":{"start":{"line":549,"column":4},"end":{"line":549,"column":68}},"175":{"start":{"line":551,"column":4},"end":{"line":572,"column":6}},"176":{"start":{"line":575,"column":2},"end":{"line":589,"column":4}},"177":{"start":{"line":576,"column":4},"end":{"line":580,"column":6}},"178":{"start":{"line":582,"column":4},"end":{"line":582,"column":41}},"179":{"start":{"line":583,"column":4},"end":{"line":583,"column":37}},"180":{"start":{"line":584,"column":4},"end":{"line":584,"column":29}},"181":{"start":{"line":585,"column":4},"end":{"line":585,"column":31}},"182":{"start":{"line":586,"column":4},"end":{"line":586,"column":39}},"183":{"start":{"line":588,"column":4},"end":{"line":588,"column":21}},"184":{"start":{"line":591,"column":2},"end":{"line":597,"column":13}},"185":{"start":{"line":592,"column":4},"end":{"line":597,"column":12}},"186":{"start":{"line":599,"column":2},"end":{"line":605,"column":13}},"187":{"start":{"line":600,"column":4},"end":{"line":605,"column":12}},"188":{"start":{"line":607,"column":2},"end":{"line":613,"column":13}},"189":{"start":{"line":608,"column":4},"end":{"line":613,"column":12}},"190":{"start":{"line":618,"column":2},"end":{"line":618,"column":44}},"191":{"start":{"line":619,"column":2},"end":{"line":622,"column":4}},"192":{"start":{"line":624,"column":2},"end":{"line":641,"column":4}},"193":{"start":{"line":625,"column":4},"end":{"line":627,"column":5}},"194":{"start":{"line":626,"column":6},"end":{"line":626,"column":36}},"195":{"start":{"line":629,"column":4},"end":{"line":640,"column":5}},"196":{"start":{"line":631,"column":8},"end":{"line":631,"column":67}},"197":{"start":{"line":633,"column":8},"end":{"line":633,"column":67}},"198":{"start":{"line":635,"column":8},"end":{"line":635,"column":68}},"199":{"start":{"line":637,"column":8},"end":{"line":637,"column":45}},"200":{"start":{"line":639,"column":8},"end":{"line":639,"column":29}},"201":{"start":{"line":643,"column":2},"end":{"line":683,"column":4}},"202":{"start":{"line":665,"column":23},"end":{"line":668,"column":5}},"203":{"start":{"line":669,"column":26},"end":{"line":672,"column":5}},"204":{"start":{"line":673,"column":24},"end":{"line":679,"column":6}},"205":{"start":{"line":680,"column":25},"end":{"line":680,"column":56}},"206":{"start":{"line":681,"column":29},"end":{"line":681,"column":60}},"207":{"start":{"line":682,"column":25},"end":{"line":682,"column":57}},"208":{"start":{"line":685,"column":2},"end":{"line":815,"column":4}},"209":{"start":{"line":686,"column":4},"end":{"line":686,"column":21}},"210":{"start":{"line":687,"column":4},"end":{"line":687,"column":26}},"211":{"start":{"line":688,"column":4},"end":{"line":688,"column":35}},"212":{"start":{"line":690,"column":4},"end":{"line":697,"column":5}},"213":{"start":{"line":695,"column":6},"end":{"line":695,"column":25}},"214":{"start":{"line":696,"column":6},"end":{"line":696,"column":29}},"215":{"start":{"line":699,"column":4},"end":{"line":812,"column":5}},"216":{"start":{"line":701,"column":8},"end":{"line":703,"column":29}},"217":{"start":{"line":705,"column":8},"end":{"line":705,"column":62}},"218":{"start":{"line":706,"column":8},"end":{"line":711,"column":9}},"219":{"start":{"line":709,"column":10},"end":{"line":709,"column":37}},"220":{"start":{"line":710,"column":10},"end":{"line":710,"column":16}},"221":{"start":{"line":713,"column":8},"end":{"line":791,"column":9}},"222":{"start":{"line":715,"column":12},"end":{"line":715,"column":44}},"223":{"start":{"line":716,"column":12},"end":{"line":718,"column":14}},"224":{"start":{"line":719,"column":12},"end":{"line":719,"column":18}},"225":{"start":{"line":722,"column":12},"end":{"line":722,"column":44}},"226":{"start":{"line":723,"column":12},"end":{"line":726,"column":13}},"227":{"start":{"line":724,"column":14},"end":{"line":724,"column":41}},"228":{"start":{"line":725,"column":14},"end":{"line":725,"column":20}},"229":{"start":{"line":728,"column":12},"end":{"line":728,"column":42}},"230":{"start":{"line":729,"column":12},"end":{"line":729,"column":18}},"231":{"start":{"line":732,"column":12},"end":{"line":732,"column":44}},"232":{"start":{"line":733,"column":12},"end":{"line":735,"column":14}},"233":{"start":{"line":736,"column":12},"end":{"line":736,"column":18}},"234":{"start":{"line":739,"column":12},"end":{"line":739,"column":57}},"235":{"start":{"line":740,"column":12},"end":{"line":752,"column":13}},"236":{"start":{"line":743,"column":16},"end":{"line":744,"column":73}},"237":{"start":{"line":747,"column":14},"end":{"line":747,"column":41}},"238":{"start":{"line":749,"column":14},"end":{"line":751,"column":16}},"239":{"start":{"line":753,"column":12},"end":{"line":753,"column":18}},"240":{"start":{"line":756,"column":12},"end":{"line":756,"column":57}},"241":{"start":{"line":757,"column":12},"end":{"line":763,"column":13}},"242":{"start":{"line":758,"column":14},"end":{"line":758,"column":41}},"243":{"start":{"line":760,"column":14},"end":{"line":762,"column":16}},"244":{"start":{"line":761,"column":35},"end":{"line":761,"column":67}},"245":{"start":{"line":764,"column":12},"end":{"line":764,"column":18}},"246":{"start":{"line":767,"column":12},"end":{"line":767,"column":63}},"247":{"start":{"line":768,"column":12},"end":{"line":771,"column":13}},"248":{"start":{"line":769,"column":14},"end":{"line":769,"column":41}},"249":{"start":{"line":770,"column":14},"end":{"line":770,"column":20}},"250":{"start":{"line":772,"column":12},"end":{"line":772,"column":36}},"251":{"start":{"line":773,"column":12},"end":{"line":783,"column":15}},"252":{"start":{"line":774,"column":14},"end":{"line":774,"column":67}},"253":{"start":{"line":775,"column":14},"end":{"line":775,"column":81}},"254":{"start":{"line":777,"column":14},"end":{"line":777,"column":87}},"255":{"start":{"line":778,"column":14},"end":{"line":782,"column":17}},"256":{"start":{"line":785,"column":12},"end":{"line":785,"column":51}},"257":{"start":{"line":786,"column":12},"end":{"line":786,"column":18}},"258":{"start":{"line":789,"column":12},"end":{"line":789,"column":18}},"259":{"start":{"line":792,"column":8},"end":{"line":792,"column":14}},"260":{"start":{"line":795,"column":8},"end":{"line":798,"column":9}},"261":{"start":{"line":796,"column":10},"end":{"line":796,"column":37}},"262":{"start":{"line":797,"column":10},"end":{"line":797,"column":16}},"263":{"start":{"line":800,"column":8},"end":{"line":800,"column":70}},"264":{"start":{"line":801,"column":8},"end":{"line":805,"column":9}},"265":{"start":{"line":802,"column":10},"end":{"line":802,"column":67}},"266":{"start":{"line":804,"column":10},"end":{"line":804,"column":37}},"267":{"start":{"line":807,"column":8},"end":{"line":807,"column":14}},"268":{"start":{"line":810,"column":8},"end":{"line":810,"column":14}},"269":{"start":{"line":814,"column":4},"end":{"line":814,"column":36}},"270":{"start":{"line":817,"column":2},"end":{"line":846,"column":4}},"271":{"start":{"line":818,"column":4},"end":{"line":818,"column":32}},"272":{"start":{"line":820,"column":4},"end":{"line":822,"column":5}},"273":{"start":{"line":821,"column":6},"end":{"line":821,"column":30}},"274":{"start":{"line":824,"column":4},"end":{"line":838,"column":7}},"275":{"start":{"line":825,"column":6},"end":{"line":827,"column":7}},"276":{"start":{"line":826,"column":8},"end":{"line":826,"column":15}},"277":{"start":{"line":829,"column":6},"end":{"line":829,"column":59}},"278":{"start":{"line":830,"column":6},"end":{"line":830,"column":73}},"279":{"start":{"line":832,"column":6},"end":{"line":832,"column":79}},"280":{"start":{"line":833,"column":6},"end":{"line":837,"column":9}},"281":{"start":{"line":840,"column":4},"end":{"line":845,"column":6}},"282":{"start":{"line":849,"column":2},"end":{"line":883,"column":4}},"283":{"start":{"line":850,"column":4},"end":{"line":850,"column":59}},"284":{"start":{"line":851,"column":4},"end":{"line":851,"column":75}},"285":{"start":{"line":852,"column":4},"end":{"line":868,"column":14}},"286":{"start":{"line":870,"column":4},"end":{"line":872,"column":5}},"287":{"start":{"line":871,"column":6},"end":{"line":871,"column":63}},"288":{"start":{"line":874,"column":4},"end":{"line":874,"column":51}},"289":{"start":{"line":875,"column":4},"end":{"line":875,"column":45}},"290":{"start":{"line":877,"column":4},"end":{"line":879,"column":5}},"291":{"start":{"line":878,"column":6},"end":{"line":878,"column":25}},"292":{"start":{"line":881,"column":4},"end":{"line":881,"column":68}},"293":{"start":{"line":882,"column":4},"end":{"line":882,"column":18}},"294":{"start":{"line":895,"column":2},"end":{"line":972,"column":4}},"295":{"start":{"line":903,"column":4},"end":{"line":903,"column":36}},"296":{"start":{"line":904,"column":4},"end":{"line":904,"column":30}},"297":{"start":{"line":90
[...]
e":176,"column":68}},"43":{"start":{"line":176,"column":47},"end":{"line":176,"column":67}},"44":{"start":{"line":178,"column":2},"end":{"line":186,"column":6}},"45":{"start":{"line":179,"column":4},"end":{"line":186,"column":5}},"46":{"start":{"line":188,"column":2},"end":{"line":189,"column":61}},"47":{"start":{"line":189,"column":17},"end":{"line":189,"column":60}},"48":{"start":{"line":193,"column":2},"end":{"line":196,"column":7}},"49":{"start":{"line":194,"column":4},"end":{"line":196,"column":6}},"50":{"start":{"line":199,"column":2},"end":{"line":208,"column":4}},"51":{"start":{"line":200,"column":4},"end":{"line":202,"column":5}},"52":{"start":{"line":201,"column":6},"end":{"line":201,"column":19}},"53":{"start":{"line":204,"column":4},"end":{"line":207,"column":6}},"54":{"start":{"line":205,"column":29},"end":{"line":205,"column":57}},"55":{"start":{"line":206,"column":29},"end":{"line":206,"column":57}},"56":{"start":{"line":210,"column":2},"end":{"line":210,"column":69}},"57":{"start":{"line":210,"column":38},"end":{"line":210,"column":68}},"58":{"start":{"line":212,"column":2},"end":{"line":223,"column":4}},"59":{"start":{"line":213,"column":4},"end":{"line":213,"column":29}},"60":{"start":{"line":214,"column":4},"end":{"line":214,"column":33}},"61":{"start":{"line":216,"column":4},"end":{"line":222,"column":6}},"62":{"start":{"line":220,"column":35},"end":{"line":220,"column":61}},"63":{"start":{"line":221,"column":53},"end":{"line":221,"column":62}},"64":{"start":{"line":228,"column":2},"end":{"line":240,"column":4}},"65":{"start":{"line":229,"column":4},"end":{"line":231,"column":5}},"66":{"start":{"line":230,"column":6},"end":{"line":230,"column":18}},"67":{"start":{"line":232,"column":4},"end":{"line":232,"column":43}},"68":{"start":{"line":233,"column":4},"end":{"line":238,"column":5}},"69":{"start":{"line":234,"column":6},"end":{"line":234,"column":27}},"70":{"start":{"line":235,"column":6},"end":{"line":237,"column":7}},"71":{"start":{"line":236,"column":8},"end":{"line":236,"column":20}},"72":{"start":{"line":239,"column":4},"end":{"line":239,"column":16}},"73":{"start":{"line":242,"column":2},"end":{"line":251,"column":4}},"74":{"start":{"line":243,"column":4},"end":{"line":243,"column":20}},"75":{"start":{"line":244,"column":4},"end":{"line":249,"column":5}},"76":{"start":{"line":248,"column":6},"end":{"line":248,"column":50}},"77":{"start":{"line":250,"column":4},"end":{"line":250,"column":18}},"78":{"start":{"line":253,"column":2},"end":{"line":256,"column":4}},"79":{"start":{"line":254,"column":4},"end":{"line":254,"column":55}},"80":{"start":{"line":255,"column":4},"end":{"line":255,"column":57}},"81":{"start":{"line":258,"column":2},"end":{"line":261,"column":4}},"82":{"start":{"line":259,"column":4},"end":{"line":259,"column":55}},"83":{"start":{"line":260,"column":4},"end":{"line":260,"column":102}},"84":{"start":{"line":260,"column":48},"end":{"line":260,"column":100}},"85":{"start":{"line":263,"column":2},"end":{"line":284,"column":4}}},"branchMap":{"1":{"line":27,"type":"binary-expr","locations":[{"start":{"line":27,"column":4},"end":{"line":30,"column":19}},{"start":{"line":31,"column":4},"end":{"line":39,"column":19}}]},"2":{"line":42,"type":"binary-expr","locations":[{"start":{"line":42,"column":4},"end":{"line":42,"column":28}},{"start":{"line":43,"column":4},"end":{"line":43,"column":28}},{"start":{"line":44,"column":4},"end":{"line":44,"column":35}},{"start":{"line":45,"column":4},"end":{"line":45,"column":35}}]},"3":{"line":91,"type":"binary-expr","locations":[{"start":{"line":91,"column":18},"end":{"line":91,"column":28}},{"start":{"line":91,"column":32},"end":{"line":91,"column":43}},{"start":{"line":91,"column":47},"end":{"line":91,"column":64}}]},"4":{"line":92,"type":"if","locations":[{"start":{"line":92,"column":4},"end":{"line":92,"column":4}},{"start":{"line":92,"column":4},"end":{"line":92,"column":4}}]},"5":{"line":92,"type":"binary-expr","locations":[{"start":{"line":92,"column":8},"end":{"line":92,"column":12}},{"start":{"line":92,"column":16},"end":{"line":92,"column":27}}]},"6":{"line":94,"type":"if","locations":[{"start":{"line":94,"column":6},"end":{"line":94,"column":6}},{"start":{"line":94,"column":6},"end":{"line":94,"column":6}}]},"7":{"line":94,"type":"binary-expr","locations":[{"start":{"line":94,"column":10},"end":{"line":94,"column":42}},{"start":{"line":94,"column":46},"end":{"line":94,"column":76}}]},"8":{"line":123,"type":"cond-expr","locations":[{"start":{"line":124,"column":8},"end":{"line":124,"column":33}},{"start":{"line":125,"column":8},"end":{"line":125,"column":17}}]},"9":{"line":131,"type":"cond-expr","locations":[{"start":{"line":132,"column":8},"end":{"line":137,"column":7}},{"start":{"line":138,"column":8},"end":{"line":150,"column":7}}]},"10":{"line":162,"type":"binary-expr","locations":[{"start":{"line":162,"column":6},"end":{"line":162,"column":27}},{"start":{"line":163,"column":6},"end":{"line":163,"column":38}},{"start":{"line":164,"column":6},"end":{"line":164,"column":35}},{"start":{"line":165,"column":6},"end":{"line":165,"column":27}}]},"11":{"line":171,"type":"binary-expr","locations":[{"start":{"line":171,"column":11},"end":{"line":171,"column":15}},{"start":{"line":171,"column":19},"end":{"line":171,"column":56}}]},"12":{"line":189,"type":"binary-expr","locations":[{"start":{"line":189,"column":17},"end":{"line":189,"column":34}},{"start":{"line":189,"column":38},"end":{"line":189,"column":60}}]},"13":{"line":200,"type":"if","locations":[{"start":{"line":200,"column":4},"end":{"line":200,"column":4}},{"start":{"line":200,"column":4},"end":{"line":200,"column":4}}]},"14":{"line":205,"type":"binary-expr","locations":[{"start":{"line":205,"column":6},"end":{"line":205,"column":64}},{"start":{"line":206,"column":6},"end":{"line":206,"column":64}}]},"15":{"line":205,"type":"binary-expr","locations":[{"start":{"line":205,"column":29},"end":{"line":205,"column":32}},{"start":{"line":205,"column":36},"end":{"line":205,"column":57}}]},"16":{"line":206,"type":"binary-expr","locations":[{"start":{"line":206,"column":29},"end":{"line":206,"column":32}},{"start":{"line":206,"column":36},"end":{"line":206,"column":57}}]},"17":{"line":217,"type":"binary-expr","locations":[{"start":{"line":217,"column":6},"end":{"line":217,"column":27}},{"start":{"line":218,"column":6},"end":{"line":218,"column":38}},{"start":{"line":219,"column":6},"end":{"line":219,"column":35}},{"start":{"line":220,"column":6},"end":{"line":220,"column":62}},{"start":{"line":221,"column":6},"end":{"line":221,"column":86}}]},"18":{"line":229,"type":"if","locations":[{"start":{"line":229,"column":4},"end":{"line":229,"column":4}},{"start":{"line":229,"column":4},"end":{"line":229,"column":4}}]},"19":{"line":229,"type":"binary-expr","locations":[{"start":{"line":229,"column":8},"end":{"line":229,"column":18}},{"start":{"line":229,"column":22},"end":{"line":229,"column":38}}]},"20":{"line":233,"type":"if","locations":[{"start":{"line":233,"column":4},"end":{"line":233,"column":4}},{"start":{"line":233,"column":4},"end":{"line":233,"column":4}}]},"21":{"line":233,"type":"binary-expr","locations":[{"start":{"line":233,"column":8},"end":{"line":233,"column":12}},{"start":{"line":233,"column":16},"end":{"line":233,"column":27}}]},"22":{"line":235,"type":"if","locations":[{"start":{"line":235,"column":6},"end":{"line":235,"column":6}},{"start":{"line":235,"column":6},"end":{"line":235,"column":6}}]},"23":{"line":235,"type":"binary-expr","locations":[{"start":{"line":235,"column":10},"end":{"line":235,"column":42}},{"start":{"line":235,"column":46},"end":{"line":235,"column":76}}]},"24":{"line":244,"type":"if","locations":[{"start":{"line":244,"column":4},"end":{"line":244,"column":4}},{"start":{"line":244,"column":4},"end":{"line":244,"column":4}}]},"25":{"line":245,"type":"binary-expr","locations":[{"start":{"line":245,"column":6},"end":{"line":245,"column":32}},{"start":{"line":246,"column":6},"end":{"line":246,"column":62}}]},"26":{"line":255,"type":"binary-expr","locations":[{"start":{"line":255,"column":11},"end":{"line":255,"column":15}},{"start":{"line":255,"column":19},"end":{"line":255,"column":56}}]},"27":{"line":260,"type":"binary-expr","locations":[{"start":{"line":260,"column":11},"end":{"line":260,"column":15}},{"start":{"line":260,"column":19},"end":{"line":260,"column":101}}]}},"code":["/**"," * Copyright 2013-2015, Facebook, Inc."," * All rights reserved."," *"," * This source code is licensed under the BSD-style license found in the"," * LICENSE file in the root directory of this source tree. An additional grant"," * of patent rights can be found in the PATENTS file in the same directory."," *"," */","","'use strict';","","module.exports = function(j) {","  const REACT_CREATE_CLASS_MEMBER_EXPRESSION = {","    type: 'MemberExpression',","    object: {","      name: 'React',","    },","    property: {","      name: 'createClass',","    },","  };","","  // ---------------------------------------------------------------------------","  // Checks if the file requires a certain module","  const hasModule = (path, module) =>","    path","      .findVariableDeclarators()","      .filter(j.filters.VariableDeclarator.requiresModule(module))","      .size() === 1 ||","    path","      .find(j.ImportDeclaration, {","        type: 'ImportDeclaration',","        source: {","          type: 'Literal',","        },","      })","      .filter(declarator => declarator.value.source.value === module)","      .size() === 1;","","  const hasReact = path => (","    hasModule(path, 'React') ||","    hasModule(path, 'react') ||","    hasModule(path, 'react/addons') ||","    hasModule(path, 'react-native')","  );","","  // ---------------------------------------------------------------------------","  // Finds all variable declarations that call React.createClass","  const findReactCreateClassCallExpression = path =>","    j(path).find(j.CallExpression, {","      callee: REACT_CREATE_CLASS_MEMBER_EXPRESSION,","    });","","  const findReactCreateClass = path =>","    path","      .findVariableDeclarators()","      .filter(decl => findReactCreateClassCallExpression(decl).size() > 0);","","  const findReactCreateClassExportDefault = path =>","    path.find(j.ExportDeclaration, {","      default: true,","      declaration: {","        type: 'CallExpression',","        callee: REACT_CREATE_CLASS_MEMBER_EXPRESSION,","      },","    });","","  const findReactCreateClassModuleExports = path =>","    path","      .find(j.AssignmentExpression, {","        left: {","          type: 'MemberExpression',","          object: {","            type: 'Identifier',","            name: 'module',","          },","          property: {","            type: 'Identifier',","            name: 'exports',","          },","        },","        right: {","          type: 'CallExpression',","          callee: REACT_CREATE_CLASS_MEMBER_EXPRESSION,","        },","      });","","  const getReactCreateClassSpec = classPath => {","    const {value} = classPath;","    const args = (value.init || value.right || value.declaration).arguments;","    if (args && args.length) {","      const spec = args[0];","      if (spec.type === 'ObjectExpression' && Array.isArray(spec.properties)) {","        return spec;","      }","    }","    return null;","  };","","  // ---------------------------------------------------------------------------","  // Finds alias for React.Component if used as named import.","  const findReactComponentName = path => {","    const reactImportDeclaration = path","      .find(j.ImportDeclaration, {","        type: 'ImportDeclaration',","        source: {","          type: 'Literal',","        },","      })","      .filter(importDeclaration => hasReact(path));","","    const componentImportSpecifier = reactImportDeclaration","      .find(j.ImportSpecifier, {","        type: 'ImportSpecifier',","        imported: {","          type: 'Identifier',","          name: 'Component',","        },","      }).at(0);","","    const paths = componentImportSpecifier.paths();","    return paths.length","      ? paths[0].value.local.name","      : undefined;","  };","","  // Finds all classes that extend React.Component","  const findReactES6ClassDeclaration = path => {","    const componentImport = findReactComponentName(path);","    const selector = componentImport","      ? {","        superClass: {","          type: 'Identifier',","          name: componentImport,","        },","      }","      : {","        superClass: {","          type: 'MemberExpression',","          object: {","            type: 'Identifier',","            name: 'React',","          },","          property: {","            type: 'Identifier',","            name: 'Component',","          },","        },","      };","","    return path","     .find(j.ClassDeclaration, selector);","  };","","  // ---------------------------------------------------------------------------","  // Checks if the React class has mixins","  const isMixinProperty = property => {","    const key = property.key;","    const value = property.value;","    return (","      key.name === 'mixins' &&","      value.type === 'ArrayExpression' &&","      Array.isArray(value.elements) &&","      value.elements.length","    );","  };","","  const hasMixins = classPath => {","    const spec = getReactCreateClassSpec(classPath);","    return spec && spec.properties.some(isMixinProperty);","  };","","  // ---------------------------------------------------------------------------","  // Others","  const getClassExtendReactSpec = classPath => classPath.value.body;","","  const createCreateReactClassCallExpression = properties =>","    j.callExpression(","      j.memberExpression(","        j.identifier('React'),","        j.identifier('createClass'),","        false","      ),","      [j.objectExpression(properties)]","    );","","  const getComponentName =","    classPath => classPath.node.id && classPath.node.id.name;","","  // ---------------------------------------------------------------------------","  // Direct methods! (see explanation below)","  const findAllReactCreateClassCalls = path =>","    path.find(j.CallExpression, {","      callee: REACT_CREATE_CLASS_MEMBER_EXPRESSION,","    });","","  // Mixin Stuff","  const containSameElements = (ls1, ls2) => {","    if (ls1.length !== ls2.length) {","      return false;","    }","","    return (","      ls1.reduce((res, x) => res && ls2.indexOf(x) !== -1, true) &&","      ls2.reduce((res, x) => res && ls1.indexOf(x) !== -1, true)","    );","  };","","  const keyNameIsMixins = property => property.key.name === 'mixins';","","  const isSpecificMixinsProperty = (property, mixinIdentifierNames) => {","    const key = property.key;","    const value = property.value;","","    return (","      key.name === 'mixins' &&","      value.type === 'ArrayExpression' &&","      Array.isArray(value.elements) &&","      value.elements.every(elem => elem.type === 'Identifier') &&","      containSameElements(value.elements.map(elem => elem.name), mixinIdentifierNames)","    );","  };","","  // These following methods assume that the argument is","  // a `React.createClass` call expression. In other words,","  // they should only be used with `findAllReactCreateClassCalls`.","  const directlyGetCreateClassSpec = classPath => {","    if (!classPath || !classPath.value) {","      return null;","    }","    const args = classPath.value.arguments;","    if (args && args.length) {","      const spec = args[0];","      if (spec.type === 'ObjectExpression' && Array.isArray(spec.properties)) {","        return spec;","      }","    }","    return null;","  };","","  const directlyGetComponentName = classPath => {","    let result = '';","    if (","      classPath.parentPath.value &&","      classPath.parentPath.value.type === 'VariableDeclarator'","    ) {","      result = classPath.parentPath.value.id.name;","    }","    return result;","  };","","  const directlyHasMixinsField = classPath => {","    const spec = directlyGetCreateClassSpec(classPath);","    return spec && spec.properties.some(keyNameIsMixins);","  };","","  const directlyHasSpecificMixins = (classPath, mixinIdentifierNames) => {","    const spec = directlyGetCreateClassSpec(classPath);","    return spec && spec.properties.some(prop => isSpecificMixinsProperty(prop, mixinIdentifierNames));","  };","","  return {","    createCreateReactClassCallExpression,","    findReactES6ClassDeclaration,","    findReactCreateClass,","    findReactCreateClassCallExpression,","    findReactCreateClassModuleExports,","    findReactCreateClassExportDefault,","    getComponentName,","    getReactCreateClassSpec,","    getClassExtendReactSpec,","    hasMixins,","    hasModule,","    hasReact,","    isMixinProperty,","","    // \"direct\" methods","    findAllReactCreateClassCalls,","    directlyGetComponentName,","    directlyGetCreateClassSpec,","    directlyHasMixinsField,","    directlyHasSpecificMixins,","  };","};",""],"l":{"13":1,"14":0,"26":0,"27":0,"38":0,"41":0,"42":0,"50":0,"51":0,"55":0,"56":0,"58":0,"60":0,"61":0,"69":0,"70":0,"89":0,"90":0,"91":0,"92":0,"93":0,"94":0,"95":0,"98":0,"103":0,"104":0,"111":0,"113":0,"122":0,"123":0,"129":0,"130":0,"131":0,"152":0,"158":0,"159":0,"160":0,"161":0,"169":0,"170":0,"171":0,"176":0,"178":0,"179":0,"188":0,"189":0,"193":0,"194":0,"199":0,"200":0,"201":0,"204":0,"205":0,"206":0,"210":0,"212":0,"213":0,"214":0,"216":0,"220":0,"221":0,"228":0,"229":0,"230":0,"232":0,"233":0,"234":0,"235":0,"236":0,"239":0,"242":0,"243":0,"244":0,"248":0,"250":0,"253":0,"254":0,"255":0,"258":0,"259":0,"260":0,"263":0}},"/home/travis/build/npmtest/node-npmtest-react-codemod/node_modules/react-codemod/transforms/__testfixtures__/manual-bind-to-arrow/manual-bind-to-arrow1.input.js":{"path":"/home/travis/build/npmtest/node-npmtest-react-codemod/node_modules/react-codemod/transforms/__testfixtures__/manual-bind-to-arrow/manual-bind-to-arrow1.input.js","s":{"1":0,"2":0},"b":{},"f":{"1":0,"2":0},"fnMap":{"1":{"name":"(anonymous_1)","line":2,"loc":{"start":{"line":2,"column":13},"end":{"line":2,"column":16}}},"2":{"name":"(anonymous_2)","line":6,"loc":{"start":{"line":6,"column":9},"end":{"line":6,"column":12}}}},"statementMap":{"1":{"start":{"line":3,"column":4},"end":{"line":3,"column":12}},"2":{"start":{"line":4,"column":4},"end":{"line":4,"column":43}}},"branchMap":{},"code":["class Component extends React.Component {","  constructor() {","    super();","    this.onClick = this.onClick.bind(this);","  }","  onClick() { }","}",""],"l":{"3":0,"4":0}},"/home/travis/build/npmtest/node-npmtest-react-codemod/node_modules/react-codemod/transforms/__testfixtures__/manual-bind-to-arrow/manual-bind-to-arrow3.input.js":{"path":"/home/travis/build/npmtest/node-npmtest-react-codemod/node_modules/react-codemod/transforms/__testfixtures__/manual-bind-to-arrow/manual-bind-to-arrow3.input.js","s":{"1":0,"2":0},"b":{},"f":{"1":0,"2":0},"fnMap":{"1":{"name":"(anonymous_1)","line":2,"loc":{"start":{"line":2,"column":13},"end":{"line":2,"column":16}}},"2":{"name":"(anonymous_2)","line":6,"loc":{"start":{"line":6,"column":12},"end":{"line":6,"column":15}}}},"statementMap":{"1":{"start":{"line":3,"column":4},"end":{"line":3,"column":12}},"2":{"start":{"line":4,"column":4},"end":{"line":4,"column":43}}},"branchMap":{},"code":["class Component extends React.Component {","  constructor() {","    super();","    this.onClick = this.onClick.bind(this);","  }","  notOnClick() { }","}",""],"l":{"3":0,"4":0}},"/home/travis/build/npmtest/node-npmtest-react-codemod/node_modules/react-codemod/transforms/__testfixtures__/manual-bind-to-arrow/manual-bind-to-arrow3.output.js":{"path":"/home/travis/build/npmtest/node-npmtest-react-codemod/node_modules/react-codemod/transforms/__testfixtures__/manual-bind-to-arrow/manual-bind-to-arrow3.output.js","s":{},"b":{},"f":{},"fnMap":{},"statementMap":{},"branchMap":{},"code":[""]}}